2018-11-06 16:34:03 DEBUG socket created successfully at port 1222
2018-11-06 16:34:03 DEBUG Listener worker started.
2018-11-06 16:34:03 DEBUG Sender worker started.
2018-11-06 16:34:03 WARNING Attempt to contact POC with 5 more tries
2018-11-06 16:34:03 DEBUG Send: packetType.KNOCKKNOCK 41332292897081547 to POC at attempt 1
2018-11-06 16:34:04 DEBUG Send: packetType.KNOCKKNOCK 41332292897081547 to POC at attempt 2
2018-11-06 16:34:05 DEBUG Send: packetType.KNOCKKNOCK 41332292897081547 to POC at attempt 3
2018-11-06 16:34:06 WARNING Attempt to contact POC with 4 more tries
2018-11-06 16:34:06 DEBUG Send: packetType.KNOCKKNOCK 67024031347509454 to POC at attempt 1
2018-11-06 16:34:07 DEBUG Send: packetType.KNOCKKNOCK 67024031347509454 to POC at attempt 2
2018-11-06 16:34:08 DEBUG Send: packetType.KNOCKKNOCK 67024031347509454 to POC at attempt 3
2018-11-06 16:34:09 WARNING Attempt to contact POC with 3 more tries
2018-11-06 16:34:09 DEBUG Send: packetType.KNOCKKNOCK 89759732786661585 to POC at attempt 1
2018-11-06 16:34:10 DEBUG Send: packetType.KNOCKKNOCK 89759732786661585 to POC at attempt 2
2018-11-06 16:34:11 DEBUG Send: packetType.KNOCKKNOCK 89759732786661585 to POC at attempt 3
2018-11-06 16:34:12 WARNING Attempt to contact POC with 2 more tries
2018-11-06 16:34:12 DEBUG Send: packetType.KNOCKKNOCK 126641750828779732 to POC at attempt 1
2018-11-06 16:34:13 DEBUG Send: packetType.KNOCKKNOCK 126641750828779732 to POC at attempt 2
2018-11-06 16:34:14 DEBUG Send: packetType.KNOCKKNOCK 126641750828779732 to POC at attempt 3
2018-11-06 16:34:14 DEBUG Received packetType.ACK 154097105930160342 with payload=[126641750828779732] from Alex
2018-11-06 16:34:14 INFO Node Alex joined the network
2018-11-06 16:34:14 DEBUG Received packetType.KNOCKKNOCK 156850283046111446 with payload=[None] from Alex
