2018-11-06 16:15:42 DEBUG socket created successfully at port 1222
2018-11-06 16:15:42 DEBUG Listener worker started.
2018-11-06 16:15:42 DEBUG Sender worker started.
2018-11-06 16:15:42 WARNING Attempt to contact POC with 5 more tries
2018-11-06 16:15:42 DEBUG Send: packetType.KNOCKKNOCK 1050071539218777214 to POC at attempt 1
2018-11-06 16:15:43 DEBUG Send: packetType.KNOCKKNOCK 1050071539218777214 to POC at attempt 2
2018-11-06 16:15:44 DEBUG Send: packetType.KNOCKKNOCK 1050071539218777214 to POC at attempt 3
2018-11-06 16:15:45 WARNING Attempt to contact POC with 4 more tries
2018-11-06 16:15:45 DEBUG Send: packetType.KNOCKKNOCK 1080965616936027265 to POC at attempt 1
2018-11-06 16:15:46 DEBUG Send: packetType.KNOCKKNOCK 1080965616936027265 to POC at attempt 2
2018-11-06 16:15:47 DEBUG Send: packetType.KNOCKKNOCK 1080965616936027265 to POC at attempt 3
2018-11-06 16:15:48 WARNING Attempt to contact POC with 3 more tries
2018-11-06 16:15:48 DEBUG Send: packetType.KNOCKKNOCK 1113067508176389252 to POC at attempt 1
2018-11-06 16:15:49 DEBUG Send: packetType.KNOCKKNOCK 1113067508176389252 to POC at attempt 2
2018-11-06 16:15:50 DEBUG Send: packetType.KNOCKKNOCK 1113067508176389252 to POC at attempt 3
2018-11-06 16:15:51 WARNING Attempt to contact POC with 2 more tries
2018-11-06 16:15:51 DEBUG Send: packetType.KNOCKKNOCK 1149822532625499271 to POC at attempt 1
2018-11-06 16:15:52 DEBUG Send: packetType.KNOCKKNOCK 1149822532625499271 to POC at attempt 2
2018-11-06 16:15:53 DEBUG Send: packetType.KNOCKKNOCK 1149822532625499271 to POC at attempt 3
2018-11-06 16:15:54 WARNING Attempt to contact POC with 1 more tries
2018-11-06 16:15:54 DEBUG Send: packetType.KNOCKKNOCK 1175334500924785802 to POC at attempt 1
2018-11-06 16:15:55 DEBUG Send: packetType.KNOCKKNOCK 1175334500924785802 to POC at attempt 2
2018-11-06 16:15:56 DEBUG Send: packetType.KNOCKKNOCK 1175334500924785802 to POC at attempt 3
2018-11-06 16:15:57 CRITICAL Could not established connection with other nodes. Exiting...
2018-11-06 16:15:57 DEBUG Send: packetType.TERMINATE 1202614483921536141 to Bob
2018-11-06 16:15:57 DEBUG Listener exiting
2018-11-06 16:15:57 DEBUG Sender exiting
