2018-11-06 21:16:11 DEBUG socket created successfully at port 1111
2018-11-06 21:16:11 DEBUG Listener worker started.
2018-11-06 21:16:11 DEBUG Sender worker started.
2018-11-06 21:16:11 WARNING Exiting in 20 seconds if no peers emerge
2018-11-06 21:16:13 INFO Node secondnode joined the network
2018-11-06 21:16:13 DEBUG Received packetType.KNOCKKNOCK 1166214601728215789 with payload=[None] from secondnode
2018-11-06 21:16:13 DEBUG recipient = secondnode
2018-11-06 21:16:13 DEBUG Send: packetType.KNOCKKNOCK 1171658833553148653 to secondnode at attempt 1
2018-11-06 21:16:13 DEBUG recipient = secondnode
2018-11-06 21:16:13 DEBUG Send: packetType.ACK 1171790225192667885 to secondnode
2018-11-06 21:16:13 DEBUG recipient = secondnode
2018-11-06 21:16:13 DEBUG Send: packetType.KNOCKRPLY 1172747350064646893 to secondnode at attempt 1
2018-11-06 21:16:13 DEBUG recipient = firstnode
2018-11-06 21:16:13 DEBUG Send: packetType.KNOCKRPLY 1175975516203797229 to firstnode at attempt 1
2018-11-06 21:16:13 DEBUG recipient = secondnode
2018-11-06 21:16:13 DEBUG Send: packetType.KNOCKRPLY 1176083818099133165 to secondnode at attempt 1
2018-11-06 21:16:13 DEBUG Received packetType.KNOCKRPLY 1175975516203797229 with payload=[{'secondnode': 1222}] from firstnode
2018-11-06 21:16:13 DEBUG recipient = firstnode
2018-11-06 21:16:13 DEBUG Send: packetType.ACK 1182395014842567405 to firstnode
2018-11-06 21:16:14 DEBUG recipient = secondnode
2018-11-06 21:16:14 DEBUG Send: packetType.KNOCKKNOCK 1171658833553148653 to secondnode at attempt 2
2018-11-06 21:16:14 DEBUG recipient = secondnode
2018-11-06 21:16:14 DEBUG Send: packetType.KNOCKRPLY 1172747350064646893 to secondnode at attempt 2
2018-11-06 21:16:14 DEBUG recipient = secondnode
2018-11-06 21:16:14 DEBUG Send: packetType.KNOCKRPLY 1176083818099133165 to secondnode at attempt 2
2018-11-06 21:16:14 DEBUG recipient = firstnode
2018-11-06 21:16:14 DEBUG Send: packetType.KNOCKRPLY 1175975516203797229 to firstnode at attempt 2
2018-11-06 21:16:15 DEBUG recipient = secondnode
2018-11-06 21:16:15 DEBUG Send: packetType.KNOCKKNOCK 1171658833553148653 to secondnode at attempt 3
2018-11-06 21:16:15 DEBUG recipient = secondnode
2018-11-06 21:16:15 DEBUG Send: packetType.KNOCKRPLY 1172747350064646893 to secondnode at attempt 3
2018-11-06 21:16:15 DEBUG recipient = secondnode
2018-11-06 21:16:15 DEBUG Send: packetType.KNOCKRPLY 1176083818099133165 to secondnode at attempt 3
2018-11-06 21:16:15 DEBUG recipient = firstnode
2018-11-06 21:16:15 DEBUG Send: packetType.KNOCKRPLY 1175975516203797229 to firstnode at attempt 3
2018-11-06 21:16:16 DEBUG recipient = secondnode
