2018-11-06 21:21:07 DEBUG socket created successfully at port 1111
2018-11-06 21:21:07 DEBUG Listener worker started.
2018-11-06 21:21:07 DEBUG Sender worker started.
2018-11-06 21:21:07 WARNING Exiting in 20 seconds if no peers emerge
2018-11-06 21:21:07 INFO Node secondnode joined the network
2018-11-06 21:21:07 DEBUG Received packetType.KNOCKKNOCK 981592855529278481 with payload=[None] from secondnode
2018-11-06 21:21:07 DEBUG recipient = secondnode
2018-11-06 21:21:07 DEBUG Send: packetType.KNOCKKNOCK 1011561694211755027 to secondnode at attempt 1
2018-11-06 21:21:07 DEBUG recipient = secondnode
2018-11-06 21:21:07 DEBUG Send: packetType.ACK 1011725521444293651 to secondnode
2018-11-06 21:21:07 DEBUG recipient = firstnode
2018-11-06 21:21:07 DEBUG Send: packetType.KNOCKRPLY 1013125199746452499 to firstnode at attempt 1
2018-11-06 21:21:07 DEBUG recipient = secondnode
2018-11-06 21:21:07 DEBUG Send: packetType.KNOCKRPLY 1017024067978546195 to secondnode at attempt 1
2018-11-06 21:21:07 DEBUG recipient = secondnode
2018-11-06 21:21:07 DEBUG Send: packetType.KNOCKRPLY 1017061451373890579 to secondnode at attempt 1
2018-11-06 21:21:07 DEBUG Received packetType.KNOCKRPLY 1013125199746452499 with payload=[{'192.168.1.641222': {'host': '192.168.1.64', 'name': 'secondnode', 'port': 1222}}] from firstnode
2018-11-06 21:21:07 DEBUG recipient = firstnode
2018-11-06 21:21:07 DEBUG Send: packetType.ACK 1020250035094440979 to firstnode
2018-11-06 21:21:07 DEBUG Received packetType.ACK 1020250035094440979 with payload=[1013125199746452499] from firstnode
2018-11-06 21:21:08 DEBUG recipient = secondnode
2018-11-06 21:21:08 DEBUG Send: packetType.KNOCKRPLY 1017024067978546195 to secondnode at attempt 2
2018-11-06 21:21:08 DEBUG recipient = secondnode
2018-11-06 21:21:08 DEBUG Send: packetType.KNOCKKNOCK 1011561694211755027 to secondnode at attempt 2
2018-11-06 21:21:08 DEBUG recipient = secondnode
2018-11-06 21:21:08 DEBUG Send: packetType.KNOCKRPLY 1017061451373890579 to secondnode at attempt 2
2018-11-06 21:21:09 DEBUG recipient = secondnode
2018-11-06 21:21:09 DEBUG Send: packetType.KNOCKKNOCK 1011561694211755027 to secondnode at attempt 3
2018-11-06 21:21:09 DEBUG recipient = secondnode
2018-11-06 21:21:09 DEBUG Send: packetType.KNOCKRPLY 1017024067978546195 to secondnode at attempt 3
2018-11-06 21:21:09 DEBUG recipient = secondnode
2018-11-06 21:21:09 DEBUG Send: packetType.KNOCKRPLY 1017061451373890579 to secondnode at attempt 3
2018-11-06 21:21:10 DEBUG recipient = secondnode
2018-11-06 21:21:10 DEBUG Send: packetType.RTTSUM 1028726719988780054 to secondnode at attempt 1
2018-11-06 21:21:10 DEBUG recipient = secondnode
2018-11-06 21:21:10 INFO Node secondnode exited the network
2018-11-06 21:21:10 DEBUG recipient = secondnode
2018-11-06 21:21:10 DEBUG recipient = secondnode
2018-11-06 21:21:11 DEBUG recipient = secondnode
2018-11-06 21:21:11 DEBUG Send: packetType.RTTSUM 1028726719988780054 to secondnode at attempt 2
2018-11-06 21:21:12 DEBUG recipient = secondnode
2018-11-06 21:21:12 DEBUG Send: packetType.RTTSUM 1028726719988780054 to secondnode at attempt 3
2018-11-06 21:21:13 DEBUG recipient = secondnode
2018-11-06 21:21:15 DEBUG recipient = secondnode
2018-11-06 21:21:15 DEBUG Send: packetType.RTTSUM 1044191900789263387 to secondnode at attempt 1
2018-11-06 21:21:16 DEBUG recipient = secondnode
2018-11-06 21:21:16 DEBUG Send: packetType.RTTSUM 1044191900789263387 to secondnode at attempt 2
2018-11-06 21:21:17 DEBUG recipient = secondnode
2018-11-06 21:21:17 DEBUG Send: packetType.RTTSUM 1044191900789263387 to secondnode at attempt 3
2018-11-06 21:21:18 DEBUG recipient = secondnode
2018-11-06 21:21:20 DEBUG recipient = secondnode
2018-11-06 21:21:20 DEBUG Send: packetType.RTTSUM 1058478954880584736 to secondnode at attempt 1
2018-11-06 21:21:21 DEBUG recipient = secondnode
2018-11-06 21:21:21 DEBUG Send: packetType.RTTSUM 1058478954880584736 to secondnode at attempt 2
2018-11-06 21:21:22 DEBUG recipient = secondnode
2018-11-06 21:21:22 DEBUG Send: packetType.RTTSUM 1058478954880584736 to secondnode at attempt 3
2018-11-06 21:21:23 DEBUG recipient = secondnode
2018-11-06 21:21:25 DEBUG recipient = secondnode
2018-11-06 21:21:25 DEBUG Send: packetType.RTTSUM 1074202520913595429 to secondnode at attempt 1
2018-11-06 21:21:26 DEBUG recipient = secondnode
2018-11-06 21:21:26 DEBUG Send: packetType.RTTSUM 1074202520913595429 to secondnode at attempt 2
2018-11-06 21:21:27 DEBUG recipient = secondnode
2018-11-06 21:21:27 DEBUG Send: packetType.RTTSUM 1074202520913595429 to secondnode at attempt 3
2018-11-06 21:21:28 DEBUG recipient = secondnode
2018-11-06 21:21:30 DEBUG recipient = secondnode
2018-11-06 21:21:30 DEBUG Send: packetType.RTTSUM 1079187706633931818 to secondnode at attempt 1
2018-11-06 21:21:31 DEBUG recipient = secondnode
2018-11-06 21:21:31 DEBUG Send: packetType.RTTSUM 1079187706633931818 to secondnode at attempt 2
2018-11-06 21:21:32 DEBUG recipient = secondnode
2018-11-06 21:21:32 DEBUG Send: packetType.RTTSUM 1079187706633931818 to secondnode at attempt 3
2018-11-06 21:21:33 DEBUG recipient = secondnode
2018-11-06 21:21:35 DEBUG recipient = secondnode
2018-11-06 21:21:35 DEBUG Send: packetType.RTTSUM 1094152609643777071 to secondnode at attempt 1
2018-11-06 21:21:36 DEBUG recipient = secondnode
2018-11-06 21:21:36 DEBUG Send: packetType.RTTSUM 1094152609643777071 to secondnode at attempt 2
2018-11-06 21:21:37 DEBUG recipient = secondnode
2018-11-06 21:21:37 DEBUG Send: packetType.RTTSUM 1094152609643777071 to secondnode at attempt 3
2018-11-06 21:21:38 DEBUG recipient = secondnode
2018-11-06 21:21:40 DEBUG recipient = secondnode
2018-11-06 21:21:40 DEBUG Send: packetType.RTTSUM 1109795361572146228 to secondnode at attempt 1
2018-11-06 21:21:41 DEBUG recipient = secondnode
2018-11-06 21:21:41 DEBUG Send: packetType.RTTSUM 1109795361572146228 to secondnode at attempt 2
2018-11-06 21:21:42 DEBUG recipient = secondnode
2018-11-06 21:21:42 DEBUG Send: packetType.RTTSUM 1109795361572146228 to secondnode at attempt 3
2018-11-06 21:21:43 DEBUG recipient = secondnode
2018-11-06 21:21:45 DEBUG recipient = secondnode
2018-11-06 21:21:45 DEBUG Send: packetType.RTTSUM 1122219293210201145 to secondnode at attempt 1
2018-11-06 21:21:46 DEBUG recipient = secondnode
2018-11-06 21:21:46 DEBUG Send: packetType.RTTSUM 1122219293210201145 to secondnode at attempt 2
2018-11-06 21:21:47 DEBUG recipient = secondnode
2018-11-06 21:21:47 DEBUG Send: packetType.RTTSUM 1122219293210201145 to secondnode at attempt 3
2018-11-06 21:21:48 DEBUG recipient = secondnode
2018-11-06 21:21:50 DEBUG recipient = secondnode
2018-11-06 21:21:50 DEBUG Send: packetType.RTTSUM 1129563481127930942 to secondnode at attempt 1
2018-11-06 21:21:51 DEBUG recipient = secondnode
2018-11-06 21:21:51 DEBUG Send: packetType.RTTSUM 1129563481127930942 to secondnode at attempt 2
2018-11-06 21:21:52 DEBUG recipient = secondnode
2018-11-06 21:21:52 DEBUG Send: packetType.RTTSUM 1129563481127930942 to secondnode at attempt 3
2018-11-06 21:21:53 DEBUG recipient = secondnode
2018-11-06 21:21:55 DEBUG recipient = secondnode
2018-11-06 21:21:55 DEBUG Send: packetType.RTTSUM 1142628428044979267 to secondnode at attempt 1
2018-11-06 21:21:56 DEBUG recipient = secondnode
2018-11-06 21:21:56 DEBUG Send: packetType.RTTSUM 1142628428044979267 to secondnode at attempt 2
2018-11-06 21:21:57 DEBUG recipient = secondnode
2018-11-06 21:21:57 DEBUG Send: packetType.RTTSUM 1142628428044979267 to secondnode at attempt 3
2018-11-06 21:21:58 DEBUG recipient = secondnode
2018-11-06 21:22:00 DEBUG recipient = secondnode
2018-11-06 21:22:00 DEBUG Send: packetType.RTTSUM 1150564702974266440 to secondnode at attempt 1
2018-11-06 21:22:01 DEBUG recipient = secondnode
2018-11-06 21:22:01 DEBUG Send: packetType.RTTSUM 1150564702974266440 to secondnode at attempt 2
2018-11-06 21:22:02 DEBUG recipient = secondnode
2018-11-06 21:22:02 DEBUG Send: packetType.RTTSUM 1150564702974266440 to secondnode at attempt 3
2018-11-06 21:22:03 DEBUG recipient = secondnode
2018-11-06 21:22:05 DEBUG recipient = secondnode
2018-11-06 21:22:05 DEBUG Send: packetType.RTTSUM 1165859459472444493 to secondnode at attempt 1
2018-11-06 21:22:06 DEBUG recipient = secondnode
2018-11-06 21:22:06 DEBUG Send: packetType.RTTSUM 1165859459472444493 to secondnode at attempt 2
