2018-11-06 21:40:14 DEBUG socket created successfully at port 1111
2018-11-06 21:40:14 DEBUG Listener worker started.
2018-11-06 21:40:14 DEBUG Sender worker started.
2018-11-06 21:40:14 WARNING Exiting in 20 seconds if no peers emerge
2018-11-06 21:40:17 INFO Node secondnode joined the network
2018-11-06 21:40:17 DEBUG Received packetType.KNOCKKNOCK 2202444387523383441 with payload=[None] from secondnode
2018-11-06 21:40:17 DEBUG Send: packetType.KNOCKKNOCK 2205236597302120593 to secondnode at attempt 1
2018-11-06 21:40:17 DEBUG Send: packetType.ACK 2205365789918384273 to secondnode
2018-11-06 21:40:17 DEBUG Received packetType.ACK 2206823192581001361 with payload=[2205236597302120593] from secondnode
2018-11-06 21:40:17 DEBUG Send: packetType.KNOCKRPLY 2206341056732221585 to secondnode at attempt 1
2018-11-06 21:40:17 DEBUG Send: packetType.KNOCKRPLY 2207420227394883729 to firstnode at attempt 1
2018-11-06 21:40:17 DEBUG Send: packetType.KNOCKRPLY 2207454862011158673 to secondnode at attempt 1
2018-11-06 21:40:17 DEBUG Received packetType.KNOCKRPLY 2207420227394883729 with payload=[{'192.168.1.641222': {'port': 1222, 'host': '192.168.1.64', 'name': 'secondnode'}}] from firstnode
2018-11-06 21:40:17 DEBUG Received packetType.KNOCKRPLY 2207973831499468945 with payload=[{'192.168.1.641222': {'port': 1222, 'host': '192.168.1.64', 'name': 'secondnode'}}] from secondnode
2018-11-06 21:40:17 DEBUG Send: packetType.ACK 2213298216556974225 to firstnode
2018-11-06 21:40:17 DEBUG Send: packetType.ACK 2213881507475509393 to secondnode
2018-11-06 21:40:17 DEBUG Received packetType.ACK 2213298216556974225 with payload=[2207420227394883729] from firstnode
2018-11-06 21:40:17 DEBUG Received packetType.ACK 2212638509580308625 with payload=[2206341056732221585] from secondnode
2018-11-06 21:40:17 DEBUG Received packetType.ACK 2213754513882501265 with payload=[2207454862011158673] from secondnode
2018-11-06 21:40:20 DEBUG Send: packetType.RTTSUM 2221017887695589524 to secondnode at attempt 1
2018-11-06 21:40:20 DEBUG Received packetType.ACK 2222618226869817492 with payload=[2221017887695589524] from secondnode
2018-11-06 21:40:20 DEBUG Received packetType.RTTSUM 2243746442309161108 with payload=[0.02400684356689453] from secondnode
2018-11-06 21:40:20 DEBUG Send: packetType.ACK 2245649147181027476 to secondnode
2018-11-06 21:40:24 DEBUG Heartbeat from firstnode with RTTSUM: 0.019506			
				# of active peer(s) in the network: 2 			
				peers: ['secondnode', 'firstnode'] 			
 				Hub: {firstnode}
2018-11-06 21:40:25 DEBUG Send: packetType.RTTSUM 2226584165311205529 to secondnode at attempt 1
2018-11-06 21:40:25 DEBUG Received packetType.ACK 2228497865299349657 with payload=[2226584165311205529] from secondnode
2018-11-06 21:40:25 DEBUG Received packetType.RTTSUM 2251252258436173977 with payload=[0.013820886611938477] from secondnode
2018-11-06 21:40:25 DEBUG Send: packetType.ACK 2253198394017337497 to secondnode
2018-11-06 21:40:26 DEBUG Send: packetType.BDATA 2276427226421547162 to firstnode at attempt 1
2018-11-06 21:40:26 DEBUG Send: packetType.ACK 2279655392560697498 to firstnode
2018-11-06 21:40:26 DEBUG Received packetType.ACK 2279655392560697498 with payload=[2276427226421547162] from firstnode
2018-11-06 21:40:26 DEBUG Send: packetType.DATA 2279923123642060954 to secondnode at attempt 1
2018-11-06 21:40:26 DEBUG Send: packetType.DATA 2279957758258335898 to firstnode at attempt 1
2018-11-06 21:40:26 INFO Received [message] from firstnode.
2018-11-06 21:40:26 DEBUG Send: packetType.ACK 2283914350850887834 to firstnode
2018-11-06 21:40:26 DEBUG Received packetType.ACK 2282145786397610138 with payload=[2279923123642060954] from secondnode
2018-11-06 21:40:26 DEBUG Received packetType.ACK 2283914350850887834 with payload=[2279957758258335898] from firstnode
2018-11-06 21:40:29 DEBUG Heartbeat from firstnode with RTTSUM: 0.009497			
				# of active peer(s) in the network: 2 			
				peers: ['secondnode', 'firstnode'] 			
 				Hub: {firstnode}
2018-11-06 21:40:30 DEBUG Send: packetType.RTTSUM 2236347278810042526 to secondnode at attempt 1
2018-11-06 21:40:30 DEBUG Received packetType.ACK 2242902567134843038 with payload=[2236347278810042526] from secondnode
2018-11-06 21:40:30 DEBUG Received packetType.RTTSUM 2259274295272427678 with payload=[0.013797998428344727] from secondnode
2018-11-06 21:40:30 DEBUG Send: packetType.ACK 2261100584086163614 to secondnode
2018-11-06 21:40:34 DEBUG Heartbeat from firstnode with RTTSUM: 0.003536			
				# of active peer(s) in the network: 2 			
				peers: ['secondnode', 'firstnode'] 			
 				Hub: {firstnode}
2018-11-06 21:40:35 DEBUG Send: packetType.RTTSUM 2251899870784934051 to secondnode at attempt 1
2018-11-06 21:40:35 DEBUG Received packetType.ACK 2255273722214764707 with payload=[2251899870784934051] from secondnode
2018-11-06 21:40:35 DEBUG Received packetType.RTTSUM 2269362314457272483 with payload=[0.013648033142089844] from secondnode
2018-11-06 21:40:35 DEBUG Send: packetType.ACK 2271232033980305571 to secondnode
2018-11-06 21:40:39 DEBUG Heartbeat from firstnode with RTTSUM: 0.004511			
				# of active peer(s) in the network: 2 			
				peers: ['secondnode', 'firstnode'] 			
 				Hub: {firstnode}
2018-11-06 21:40:40 DEBUG Send: packetType.RTTSUM 2263503016992854184 to secondnode at attempt 1
2018-11-06 21:40:40 DEBUG Received packetType.ACK 2265458498422853800 with payload=[2263503016992854184] from secondnode
2018-11-06 21:40:40 DEBUG Received packetType.RTTSUM 2281101250351222952 with payload=[0.013775825500488281] from secondnode
2018-11-06 21:40:40 DEBUG Send: packetType.ACK 2282464095013851304 to secondnode
