2018-11-06 21:52:40 DEBUG socket created successfully at port 1444
2018-11-06 21:52:40 DEBUG Listener worker started.
2018-11-06 21:52:40 DEBUG Sender worker started.
2018-11-06 21:52:40 WARNING Attempt to contact POC with 5 more tries
2018-11-06 21:52:40 DEBUG Send: packetType.KNOCKKNOCK 1723974860266427256 to POC at attempt 1
2018-11-06 21:52:41 DEBUG Send: packetType.KNOCKKNOCK 1723974860266427256 to POC at attempt 2
2018-11-06 21:52:42 DEBUG Send: packetType.KNOCKKNOCK 1723974860266427256 to POC at attempt 3
2018-11-06 21:52:43 WARNING Attempt to contact POC with 4 more tries
2018-11-06 21:52:43 DEBUG Send: packetType.KNOCKKNOCK 1740252030404023163 to POC at attempt 1
2018-11-06 21:52:44 DEBUG Send: packetType.KNOCKKNOCK 1740252030404023163 to POC at attempt 2
2018-11-06 21:52:45 DEBUG Send: packetType.KNOCKKNOCK 1740252030404023163 to POC at attempt 3
2018-11-06 21:52:46 WARNING Attempt to contact POC with 3 more tries
2018-11-06 21:52:46 DEBUG Send: packetType.KNOCKKNOCK 1778381444387853182 to POC at attempt 1
2018-11-06 21:52:46 DEBUG Received packetType.KNOCKKNOCK 1784092857538335614 with payload=[None] from node1
2018-11-06 21:52:46 DEBUG Send: packetType.ACK 1787583806956524414 to node1
2018-11-06 21:52:46 DEBUG Received packetType.ACK 1784261082817385342 with payload=[1778381444387853182] from node1
2018-11-06 21:52:46 DEBUG Send: packetType.KNOCKRPLY 1788644835677328254 to node3 at attempt 1
2018-11-06 21:52:46 DEBUG Send: packetType.KNOCKRPLY 1789168203212149630 to node1 at attempt 1
2018-11-06 21:52:46 INFO Node node1 joined the network
2018-11-06 21:52:46 DEBUG Received packetType.KNOCKRPLY 1784743218666165118 with payload=[{'192.168.1.641444': {'name': 'node3', 'host': '192.168.1.64', 'port': 1444}}] from node1
2018-11-06 21:52:46 DEBUG Send: packetType.ACK 1793147885548884862 to node1
2018-11-06 21:52:46 DEBUG Received packetType.KNOCKRPLY 1788644835677328254 with payload=[{'192.168.1.641111': {'name': 'node1', 'host': '192.168.1.64', 'port': 1111}}] from node3
2018-11-06 21:52:46 DEBUG Send: packetType.ACK 1795244104467239806 to node3
2018-11-06 21:52:46 DEBUG Received packetType.KNOCKRPLY 1784872411282428798 with payload=[{'192.168.1.641111': {'name': 'node1', 'host': '192.168.1.64', 'port': 1111}, '192.168.1.641444': {'name': 'node3', 'host': '192.168.1.64', 'port': 1444}}] from node1
2018-11-06 21:52:46 DEBUG Received packetType.ACK 1794151189909230462 with payload=[1789168203212149630] from node1
2018-11-06 21:52:46 DEBUG Send: packetType.ACK 1796970887478662014 to node1
2018-11-06 21:52:46 DEBUG Received packetType.ACK 1795244104467239806 with payload=[1788644835677328254] from node3
2018-11-06 21:52:47 DEBUG Received packetType.KNOCKRPLY 490212862738977663 with payload=[{'192.168.1.641222': {'name': 'node2', 'host': '192.168.1.64', 'port': 1222}}] from node1
2018-11-06 21:52:47 INFO Node node2 joined the network.
2018-11-06 21:52:47 DEBUG Send: packetType.ACK 492846193087501183 to node1
2018-11-06 21:52:50 DEBUG Received packetType.RTTSUM 505961717539427202 with payload=[9.223372036854776e+18] from node2
2018-11-06 21:52:50 DEBUG Send: packetType.ACK 509731942911071106 to node2
2018-11-06 21:52:50 DEBUG Received packetType.RTTSUM 1791158319258424194 with payload=[0.009739875793457031] from node1
2018-11-06 21:52:50 DEBUG Send: packetType.ACK 1793030237804712834 to node1
2018-11-06 21:52:50 DEBUG Send: packetType.RTTSUM 1806764237547262850 to node1 at attempt 1
2018-11-06 21:52:50 DEBUG Received packetType.ACK 1808929175942353794 with payload=[1806764237547262850] from node1
2018-11-06 21:52:50 DEBUG Send: packetType.RTTSUM 1806888482361201538 to node2 at attempt 1
2018-11-06 21:52:50 DEBUG Received packetType.ACK 1811961629011760002 with payload=[1806888482361201538] from node2
2018-11-06 21:52:54 INFO Heartbeat from node3 with RTTSUM: 9223372036854775808.000000			
				# of active peer(s) in the network: 3 			
				peers: ['node1', 'node3', 'node2'] 			
 				Hub: {node1}
2018-11-06 21:52:55 DEBUG Received packetType.RTTSUM 516702296875357063 with payload=[0.007382869720458984] from node2
2018-11-06 21:52:55 DEBUG Send: packetType.ACK 519402697433174919 to node2
2018-11-06 21:52:55 DEBUG Received packetType.RTTSUM 1796978034304242567 with payload=[0.0060558319091796875] from node1
2018-11-06 21:52:55 DEBUG Send: packetType.ACK 1799763647013213063 to node1
2018-11-06 21:52:55 DEBUG Send: packetType.RTTSUM 1812018803616404359 to node1 at attempt 1
2018-11-06 21:52:55 DEBUG Received packetType.ACK 1814892377255596935 with payload=[1812018803616404359] from node1
2018-11-06 21:52:55 DEBUG Send: packetType.RTTSUM 1812152944034993031 to node2 at attempt 1
2018-11-06 21:52:55 DEBUG Received packetType.ACK 1816427845243786119 with payload=[1812152944034993031] from node2
2018-11-06 21:52:59 INFO Heartbeat from node3 with RTTSUM: 0.008256			
				# of active peer(s) in the network: 3 			
				peers: ['node1', 'node3', 'node2'] 			
 				Hub: {node2}
2018-11-06 21:53:00 DEBUG Received packetType.RTTSUM 527528638118253452 with payload=[0.008315086364746094] from node2
2018-11-06 21:53:00 DEBUG Send: packetType.ACK 529347780106408844 to node2
2018-11-06 21:53:00 DEBUG Received packetType.RTTSUM 1809480581023683468 with payload=[0.006903886795043945] from node1
2018-11-06 21:53:00 DEBUG Send: packetType.ACK 1811488839011816332 to node1
2018-11-06 21:53:00 DEBUG Send: packetType.RTTSUM 1823248665626694540 to node1 at attempt 1
2018-11-06 21:53:00 DEBUG Received packetType.ACK 1825734111661282188 with payload=[1823248665626694540] from node1
2018-11-06 21:53:00 DEBUG Send: packetType.RTTSUM 1823380057266213772 to node2 at attempt 1
2018-11-06 21:53:00 DEBUG Received packetType.ACK 1827869363242423180 with payload=[1823380057266213772] from node2
2018-11-06 21:53:04 INFO Heartbeat from node3 with RTTSUM: 0.007935			
				# of active peer(s) in the network: 3 			
				peers: ['node1', 'node3', 'node2'] 			
 				Hub: {node2}
2018-11-06 21:53:05 DEBUG Received packetType.RTTSUM 541755768825861009 with payload=[0.007416963577270508] from node2
2018-11-06 21:53:05 DEBUG Send: packetType.ACK 544337971883692945 to node2
2018-11-06 21:53:05 DEBUG Received packetType.RTTSUM 1822279995882623889 with payload=[0.006136894226074219] from node1
2018-11-06 21:53:05 DEBUG Send: packetType.ACK 1825042518847411089 to node1
2018-11-06 21:53:05 DEBUG Send: packetType.RTTSUM 1827595035091293073 to node1 at attempt 1
2018-11-06 21:53:05 DEBUG Received packetType.ACK 1830472457021182865 with payload=[1827595035091293073] from node1
2018-11-06 21:53:05 DEBUG Send: packetType.RTTSUM 1827862766172656529 to node2 at attempt 1
2018-11-06 21:53:05 DEBUG Received packetType.ACK 1832358669218632593 with payload=[1827862766172656529] from node2
2018-11-06 21:53:09 INFO Heartbeat from node3 with RTTSUM: 0.007589			
				# of active peer(s) in the network: 3 			
				peers: ['node1', 'node3', 'node2'] 			
 				Hub: {node2}
2018-11-06 21:53:10 DEBUG Received packetType.RTTSUM 549666754987709334 with payload=[0.008487224578857422] from node2
2018-11-06 21:53:10 DEBUG Send: packetType.ACK 551772319754900374 to node2
2018-11-06 21:53:10 DEBUG Send: packetType.RTTSUM 1834042021520757654 to node1 at attempt 1
2018-11-06 21:53:10 DEBUG Send: packetType.RTTSUM 1834180559985857430 to node2 at attempt 1
2018-11-06 21:53:10 DEBUG Received packetType.RTTSUM 1834060713218429846 with payload=[0.007097959518432617] from node1
2018-11-06 21:53:10 DEBUG Received packetType.ACK 1837152539915735958 with payload=[1834042021520757654] from node1
2018-11-06 21:53:10 DEBUG Send: packetType.ACK 1837604439194751894 to node1
2018-11-06 21:53:10 DEBUG Received packetType.ACK 1839781472217748374 with payload=[1834180559985857430] from node2
