2018-11-06 22:02:52 DEBUG socket created successfully at port 1111
2018-11-06 22:02:52 DEBUG Listener worker started.
2018-11-06 22:02:52 DEBUG Sender worker started.
2018-11-06 22:02:52 WARNING Exiting in 20 seconds if no peers emerge
2018-11-06 22:02:53 INFO Node node2 joined the network
2018-11-06 22:02:53 DEBUG Received packetType.KNOCKKNOCK 85894949415048669 with payload=[None] from node2
2018-11-06 22:02:53 DEBUG Send: packetType.KNOCKKNOCK 88371599356614109 to node2 at attempt 1
2018-11-06 22:02:53 DEBUG Send: packetType.ACK 88493645147297245 to node2
2018-11-06 22:02:53 DEBUG Received packetType.ACK 90100581391291869 with payload=[88371599356614109] from node2
2018-11-06 22:02:53 DEBUG Send: packetType.KNOCKRPLY 89602502623909341 to node1 at attempt 1
2018-11-06 22:02:53 DEBUG Send: packetType.KNOCKRPLY 90584916263327197 to node2 at attempt 1
2018-11-06 22:02:53 DEBUG Send: packetType.KNOCKRPLY 90610205030766045 to node2 at attempt 1
2018-11-06 22:02:53 DEBUG Received packetType.KNOCKRPLY 89602502623909341 with payload=[{'192.168.1.641222': {'port': 1222, 'name': 'node2', 'host': '192.168.1.64'}}] from node1
2018-11-06 22:02:53 DEBUG Send: packetType.ACK 97092375832319453 to node1
2018-11-06 22:02:53 DEBUG Received packetType.KNOCKRPLY 91082995030709725 with payload=[{'192.168.1.641222': {'port': 1222, 'name': 'node2', 'host': '192.168.1.64'}}] from node2
2018-11-06 22:02:53 DEBUG Send: packetType.ACK 98085784588015069 to node2
2018-11-06 22:02:53 DEBUG Received packetType.ACK 97092375832319453 with payload=[89602502623909341] from node1
2018-11-06 22:02:53 DEBUG Received packetType.ACK 96944491518383581 with payload=[90584916263327197] from node2
2018-11-06 22:02:53 DEBUG Received packetType.ACK 99054454332085725 with payload=[90610205030766045] from node2
2018-11-06 22:02:55 DEBUG Send: packetType.RTTSUM 97965937820587487 to node2 at attempt 1
2018-11-06 22:02:55 DEBUG Received packetType.RTTSUM 99404648785532383 with payload=[0.0035750865936279297] from node2
2018-11-06 22:02:55 DEBUG Send: packetType.ACK 101881298727097823 to node2
2018-11-06 22:02:55 DEBUG Received packetType.ACK 101067660122543583 with payload=[97965937820587487] from node2
2018-11-06 22:03:01 INFO Heartbeat from node1 with RTTSUM: 0.002223			
				# of active peer(s) in the network: 1 			
				peers: ['node2'] 			
 				Hub: {node2}
2018-11-06 22:03:02 DEBUG Send: packetType.RTTSUM 105798858656863718 to node2 at attempt 1
2018-11-06 22:03:02 DEBUG Received packetType.RTTSUM 105755427947566566 with payload=[0.0021021366119384766] from node2
2018-11-06 22:03:02 DEBUG Send: packetType.ACK 109255723214591462 to node2
2018-11-06 22:03:02 DEBUG Received packetType.ACK 109349731458766310 with payload=[105798858656863718] from node2
2018-11-06 22:03:08 INFO Heartbeat from node1 with RTTSUM: 0.002414			
				# of active peer(s) in the network: 1 			
				peers: ['node2'] 			
 				Hub: {node2}
2018-11-06 22:03:09 DEBUG Send: packetType.RTTSUM 110233189051684333 to node2 at attempt 1
2018-11-06 22:03:09 DEBUG Received packetType.RTTSUM 110237587098195437 with payload=[0.0022170543670654297] from node2
2018-11-06 22:03:09 DEBUG Send: packetType.ACK 113611438528026093 to node2
2018-11-06 22:03:09 DEBUG Received packetType.ACK 112909950109505005 with payload=[110233189051684333] from node2
