2018-11-12 12:42:36 DEBUG socket created successfully at port 1222
2018-11-12 12:42:36 DEBUG Listener worker started.
2018-11-12 12:42:36 DEBUG Sender worker started.
2018-11-12 12:42:36 WARNING Exiting in 20 seconds if no peers emerge
2018-11-12 12:42:40 WARNING Exiting in 16 seconds if no peers emerge
2018-11-12 12:42:43 INFO Node node1 joined the network
2018-11-12 12:42:43 DEBUG Received packetType.KNOCKKNOCK 2159442487761550227 with payload=[None] from node1
2018-11-12 12:42:43 DEBUG Send: packetType.KNOCKKNOCK 2162592588575128467 to node1 at attempt 1
2018-11-12 12:42:43 DEBUG Send: packetType.ACK 2162708037296044947 to node1
2018-11-12 12:42:43 DEBUG Received packetType.ACK 2165018111226002323 with payload=[2162592588575128467] from node1
2018-11-12 12:42:43 DEBUG Send: packetType.KNOCKRPLY 2163249546772724627 to node1 at attempt 1
2018-11-12 12:42:43 DEBUG Send: packetType.KNOCKRPLY 2163323214051785619 to node1 at attempt 1
2018-11-12 12:42:43 DEBUG Received packetType.KNOCKRPLY 2165793266923584403 with payload=[{}] from node1
2018-11-12 12:42:43 DEBUG Send: packetType.ACK 2169166568597601171 to node1
2018-11-12 12:42:43 DEBUG Received packetType.ACK 2169728968795208595 with payload=[2163249546772724627] from node1
2018-11-12 12:42:43 DEBUG Received packetType.ACK 2170782850690431891 with payload=[2163323214051785619] from node1
2018-11-12 12:42:45 DEBUG Send: packetType.RTTSUM 2167757544446606229 to node1 at attempt 1
2018-11-12 12:42:45 DEBUG Received packetType.ACK 2170690491713698709 with payload=[2167757544446606229] from node1
2018-11-12 12:42:45 DEBUG Received packetType.RTTSUM 2179021491317357461 with payload=[0.002969026565551758] from node1
2018-11-12 12:42:45 DEBUG Send: packetType.ACK 2181184780445006741 to node1
2018-11-12 12:42:48 DEBUG Heartbeat from node2:		
				# of active peer(s) in the network: 1 		
				peers: ['node1'] 		
 				Hub: {node2}
2018-11-12 12:42:54 DEBUG Send: packetType.ACK 2154697545331882910 to node1
2018-11-12 12:42:54 DEBUG Send: packetType.DATA 2154814643320241054 to node1 at attempt 1
2018-11-12 12:42:54 DEBUG Received packetType.ACK 2157258857668787102 with payload=[2154814643320241054] from node1
2018-11-12 12:42:54 DEBUG Send: packetType.DATA 2154854225738840990 to node2 at attempt 1
2018-11-12 12:42:54 INFO Received [message] from node2.
2018-11-12 12:42:54 DEBUG Send: packetType.ACK 2159530448691772318 to node2
2018-11-12 12:42:54 DEBUG Received packetType.ACK 2159530448691772318 with payload=[2154854225738840990] from node2
