2018-11-06 22:03:57 DEBUG socket created successfully at port 1222
2018-11-06 22:03:57 DEBUG Listener worker started.
2018-11-06 22:03:57 DEBUG Sender worker started.
2018-11-06 22:03:57 WARNING Attempt to contact POC with 5 more tries
2018-11-06 22:03:57 DEBUG Send: packetType.KNOCKKNOCK 1880451857573369373 to POC at attempt 1
2018-11-06 22:03:57 DEBUG Received packetType.KNOCKKNOCK 1882382050235930141 with payload=[None] from node1
2018-11-06 22:03:57 DEBUG Send: packetType.ACK 1883705312479958557 to node1
2018-11-06 22:03:57 DEBUG Received packetType.ACK 1882496949201032733 with payload=[1880451857573369373] from node1
2018-11-06 22:03:57 DEBUG Send: packetType.KNOCKRPLY 1884297949247329821 to node2 at attempt 1
2018-11-06 22:03:57 DEBUG Send: packetType.KNOCKRPLY 1884807572886803997 to node1 at attempt 1
2018-11-06 22:03:57 INFO Node node1 joined the network
2018-11-06 22:03:57 DEBUG Received packetType.KNOCKRPLY 1883264958073034269 with payload=[{'192.168.1.641222': {'host': '192.168.1.64', 'name': 'node2', 'port': 1222}}] from node1
2018-11-06 22:03:57 DEBUG Send: packetType.ACK 1888263887688717853 to node1
2018-11-06 22:03:57 DEBUG Received packetType.KNOCKRPLY 1884297949247329821 with payload=[{'192.168.1.641111': {'host': '192.168.1.64', 'name': 'node1', 'port': 1111}}] from node2
2018-11-06 22:03:57 DEBUG Send: packetType.ACK 1889373294921143837 to node2
2018-11-06 22:03:57 DEBUG Received packetType.KNOCKRPLY 1884198993200829981 with payload=[{'192.168.1.641222': {'host': '192.168.1.64', 'name': 'node2', 'port': 1222}, '192.168.1.641111': {'host': '192.168.1.64', 'name': 'node1', 'port': 1111}}] from node1
2018-11-06 22:03:57 DEBUG Send: packetType.ACK 1891148456444188189 to node1
2018-11-06 22:03:57 DEBUG Received packetType.ACK 1888647067490997789 with payload=[1884807572886803997] from node1
2018-11-06 22:03:57 DEBUG Received packetType.ACK 1889373294921143837 with payload=[1884297949247329821] from node2
2018-11-06 22:03:58 DEBUG Send: packetType.RTTSUM 1896228200164513310 to node1 at attempt 1
2018-11-06 22:03:58 DEBUG Received packetType.RTTSUM 1896235346990093854 with payload=[0.001986980438232422] from node1
2018-11-06 22:03:58 DEBUG Send: packetType.ACK 1898818099803739678 to node1
2018-11-06 22:03:58 DEBUG Received packetType.ACK 1899233165443225118 with payload=[1896228200164513310] from node1
2018-11-06 22:04:04 INFO Heartbeat from node2 with RTTSUM: 0.002665			
				# of active peer(s) in the network: 1 			
				peers: ['node1'] 			
 				Hub: {node1}
2018-11-06 22:04:05 DEBUG Send: packetType.RTTSUM 1905527869512242725 to node1 at attempt 1
2018-11-06 22:04:05 DEBUG Received packetType.RTTSUM 1905467946128528933 with payload=[0.0025038719177246094] from node1
2018-11-06 22:04:05 DEBUG Send: packetType.ACK 1908684567395587621 to node1
2018-11-06 22:04:05 DEBUG Received packetType.ACK 1908806613186270757 with payload=[1905527869512242725] from node1
2018-11-06 22:04:11 INFO Heartbeat from node2 with RTTSUM: 0.001964			
				# of active peer(s) in the network: 1 			
				peers: ['node1'] 			
 				Hub: {node2}
2018-11-06 22:04:12 DEBUG Send: packetType.RTTSUM 1915901761720309292 to node1 at attempt 1
2018-11-06 22:04:12 DEBUG Received packetType.RTTSUM 1915885818801706540 with payload=[0.002061128616333008] from node1
2018-11-06 22:04:12 DEBUG Send: packetType.ACK 1919321242882692652 to node1
2018-11-06 22:04:12 DEBUG Received packetType.ACK 1919319043859437100 with payload=[1915901761720309292] from node1
2018-11-06 22:04:18 INFO Heartbeat from node2 with RTTSUM: 0.002242			
				# of active peer(s) in the network: 1 			
				peers: ['node1'] 			
 				Hub: {node1}
2018-11-06 22:04:19 DEBUG Send: packetType.RTTSUM 1931178376276629043 to node1 at attempt 1
2018-11-06 22:04:19 DEBUG Received packetType.RTTSUM 1931189371392906803 with payload=[0.001695871353149414] from node1
2018-11-06 22:04:19 DEBUG Send: packetType.ACK 1934032708462335539 to node1
2018-11-06 22:04:19 DEBUG Received packetType.ACK 1934592909636687411 with payload=[1931178376276629043] from node1
2018-11-06 22:04:22 DEBUG Received packetType.KNOCKRPLY 1448943571450353206 with payload=[{'192.168.1.641444': {'host': '192.168.1.64', 'name': 'node3', 'port': 1444}}] from node1
2018-11-06 22:04:22 DEBUG Send: packetType.ACK 1450843527543150134 to node1
2018-11-06 22:04:22 INFO Node node3 joined the network.
2018-11-06 22:04:25 INFO Heartbeat from node2 with RTTSUM: 0.001542			
				# of active peer(s) in the network: 1 			
				peers: ['node1'] 			
 				Hub: {node2}
2018-11-06 22:04:26 DEBUG Received packetType.RTTSUM 1456670389414549050 with payload=[9.223372036854776e+18] from node3
2018-11-06 22:04:26 DEBUG Send: packetType.ACK 1462059095902279226 to node3
2018-11-06 22:04:26 DEBUG Send: packetType.RTTSUM 1935208636148241978 to node3 at attempt 1
2018-11-06 22:04:26 DEBUG Received packetType.ACK 1945753502414427706 with payload=[1935208636148241978] from node3
2018-11-06 22:04:26 DEBUG Send: packetType.RTTSUM 1935482964299372090 to node1 at attempt 1
2018-11-06 22:04:26 DEBUG Received packetType.RTTSUM 1935324084869158458 with payload=[0.0050389766693115234] from node1
2018-11-06 22:04:26 DEBUG Received packetType.ACK 1953927821611128378 with payload=[1935482964299372090] from node1
2018-11-06 22:04:26 DEBUG Send: packetType.ACK 1954905287448221242 to node1
2018-11-06 22:04:32 INFO Heartbeat from node2 with RTTSUM: 9223372036854775808.000000			
				# of active peer(s) in the network: 2 			
				peers: ['node3', 'node1'] 			
 				Hub: {node1}
2018-11-06 22:04:33 DEBUG Received packetType.RTTSUM 1466349940029675073 with payload=[0.003596067428588867] from node3
2018-11-06 22:04:33 DEBUG Send: packetType.ACK 1470579211505915457 to node3
2018-11-06 22:04:33 DEBUG Send: packetType.RTTSUM 1952105930843903553 to node3 at attempt 1
2018-11-06 22:04:33 DEBUG Send: packetType.RTTSUM 1952241720529933889 to node1 at attempt 1
2018-11-06 22:04:33 DEBUG Received packetType.RTTSUM 1952244469309003329 with payload=[0.011629104614257812] from node1
2018-11-06 22:04:33 DEBUG Send: packetType.ACK 1957056481947964993 to node1
2018-11-06 22:04:33 DEBUG Received packetType.ACK 1956494081750357569 with payload=[1952105930843903553] from node3
2018-11-06 22:04:33 DEBUG Received packetType.ACK 1957584797285111361 with payload=[1952241720529933889] from node1
2018-11-06 22:04:39 INFO Heartbeat from node2 with RTTSUM: 0.012743			
				# of active peer(s) in the network: 2 			
				peers: ['node3', 'node1'] 			
 				Hub: {node3}
2018-11-06 22:04:40 DEBUG Received packetType.RTTSUM 1480353320121030216 with payload=[0.0034399032592773438] from node3
2018-11-06 22:04:40 DEBUG Send: packetType.ACK 1485430864818099784 to node3
2018-11-06 22:04:40 DEBUG Send: packetType.RTTSUM 1967022455342126664 to node3 at attempt 1
2018-11-06 22:04:40 DEBUG Send: packetType.RTTSUM 1967197827446756936 to node1 at attempt 1
2018-11-06 22:04:40 DEBUG Received packetType.RTTSUM 1967202225493268040 with payload=[0.003431081771850586] from node1
2018-11-06 22:04:40 DEBUG Send: packetType.ACK 1972203903888021064 to node1
2018-11-06 22:04:40 DEBUG Received packetType.ACK 1971103842504431176 with payload=[1967022455342126664] from node3
2018-11-06 22:04:40 DEBUG Received packetType.ACK 1973587089515763272 with payload=[1967197827446756936] from node1
2018-11-06 22:04:46 INFO Heartbeat from node2 with RTTSUM: 0.003998			
				# of active peer(s) in the network: 2 			
				peers: ['node3', 'node1'] 			
 				Hub: {node1}
2018-11-06 22:04:47 DEBUG Received packetType.RTTSUM 1485124101073950287 with payload=[0.003644227981567383] from node3
2018-11-06 22:04:47 DEBUG Send: packetType.ACK 1490485319770986063 to node3
2018-11-06 22:04:47 DEBUG Send: packetType.RTTSUM 1971461183783458383 to node3 at attempt 1
2018-11-06 22:04:47 DEBUG Send: packetType.RTTSUM 1971643152957855311 to node1 at attempt 1
2018-11-06 22:04:47 DEBUG Received packetType.RTTSUM 1971643152957855311 with payload=[0.004618644714355469] from node1
2018-11-06 22:04:47 DEBUG Send: packetType.ACK 1976743787399108175 to node1
2018-11-06 22:04:47 DEBUG Received packetType.ACK 1976266599352653391 with payload=[1971461183783458383] from node3
2018-11-06 22:04:47 DEBUG Received packetType.ACK 1977440328015304271 with payload=[1971643152957855311] from node1
2018-11-06 22:04:53 INFO Heartbeat from node2 with RTTSUM: 0.005049			
				# of active peer(s) in the network: 2 			
				peers: ['node3', 'node1'] 			
 				Hub: {node3}
2018-11-06 22:04:54 DEBUG Received packetType.RTTSUM 1488981737620002390 with payload=[0.0035152435302734375] from node3
2018-11-06 22:04:54 DEBUG Send: packetType.ACK 1500861960758122070 to node3
2018-11-06 22:04:54 DEBUG Send: packetType.RTTSUM 1978191844212889174 to node3 at attempt 1
2018-11-06 22:04:54 DEBUG Send: packetType.RTTSUM 1978307292933805654 to node1 at attempt 1
2018-11-06 22:04:54 DEBUG Received packetType.ACK 1981496426410169942 with payload=[1978191844212889174] from node3
2018-11-06 22:04:55 DEBUG Send: packetType.RTTSUM 1978307292933805654 to node1 at attempt 2
2018-11-06 22:04:56 DEBUG Send: packetType.RTTSUM 1978307292933805654 to node1 at attempt 3
2018-11-06 22:04:57 INFO Node node1 exited the network
2018-11-06 22:05:00 INFO Heartbeat from node2 with RTTSUM: 0.004923			
				# of active peer(s) in the network: 2 			
				peers: ['node3', 'node1'] 			
 				Hub: {node3}
2018-11-06 22:05:01 DEBUG Received packetType.RTTSUM 1506727855292307037 with payload=[0.0020339488983154297] from node3
2018-11-06 22:05:01 DEBUG Send: packetType.ACK 1509579988454757981 to node3
2018-11-06 22:05:01 DEBUG Send: packetType.RTTSUM 1991750471850808925 to node3 at attempt 1
2018-11-06 22:05:01 DEBUG Received packetType.ACK 1994316731990038109 with payload=[1991750471850808925] from node3
2018-11-06 22:05:01 DEBUG Send: packetType.RTTSUM 1991909351281022557 to node1 at attempt 1
2018-11-06 22:05:02 DEBUG Send: packetType.RTTSUM 1991909351281022557 to node1 at attempt 2
2018-11-06 22:05:03 DEBUG Send: packetType.RTTSUM 1991909351281022557 to node1 at attempt 3
2018-11-06 22:05:07 INFO Heartbeat from node2 with RTTSUM: 0.001526			
				# of active peer(s) in the network: 1 			
				peers: ['node3'] 			
 				Hub: {node2}
2018-11-06 22:05:08 DEBUG Send: packetType.RTTSUM 1995502005524780644 to node3 at attempt 1
2018-11-06 22:05:08 DEBUG Send: packetType.RTTSUM 1995628999117788772 to node1 at attempt 1
2018-11-06 22:05:09 DEBUG Send: packetType.RTTSUM 1995628999117788772 to node1 at attempt 2
2018-11-06 22:05:09 DEBUG Send: packetType.RTTSUM 1995502005524780644 to node3 at attempt 2
2018-11-06 22:05:10 DEBUG Send: packetType.RTTSUM 1995628999117788772 to node1 at attempt 3
2018-11-06 22:05:10 DEBUG Send: packetType.RTTSUM 1995502005524780644 to node3 at attempt 3
2018-11-06 22:05:11 INFO Node node3 exited the network
2018-11-06 22:05:14 INFO Heartbeat from node2 with RTTSUM: 0.001559			
				# of active peer(s) in the network: 1 			
				peers: ['node3'] 			
 				Hub: {node2}
2018-11-06 22:05:15 DEBUG Send: packetType.RTTSUM 2002320077128619627 to node3 at attempt 1
2018-11-06 22:05:15 DEBUG Send: packetType.RTTSUM 2002456416570463851 to node1 at attempt 1
2018-11-06 22:05:16 DEBUG Send: packetType.RTTSUM 2002456416570463851 to node1 at attempt 2
2018-11-06 22:05:16 DEBUG Send: packetType.RTTSUM 2002320077128619627 to node3 at attempt 2
2018-11-06 22:05:17 DEBUG Send: packetType.RTTSUM 2002456416570463851 to node1 at attempt 3
2018-11-06 22:05:17 DEBUG Send: packetType.RTTSUM 2002320077128619627 to node3 at attempt 3
2018-11-06 22:05:21 INFO Heartbeat from node2 with RTTSUM: 9223372036854775808.000000			
				# of active peer(s) in the network: 0 			
				peers: [] 			
 				Hub: {node2}
2018-11-06 22:05:21 WARNING Attempt to contact POC with 5 more tries
2018-11-06 22:05:25 WARNING Attempt to contact POC with 4 more tries
