2018-11-06 21:53:51 DEBUG socket created successfully at port 1111
2018-11-06 21:53:51 DEBUG Listener worker started.
2018-11-06 21:53:51 DEBUG Sender worker started.
2018-11-06 21:53:51 WARNING Exiting in 20 seconds if no peers emerge
2018-11-06 21:53:55 INFO Node node2 joined the network
2018-11-06 21:53:55 DEBUG Received packetType.KNOCKKNOCK 1091351054016205763 with payload=[None] from node2
2018-11-06 21:53:55 DEBUG Send: packetType.KNOCKKNOCK 1093313132515972035 to node2 at attempt 1
2018-11-06 21:53:55 DEBUG Received packetType.ACK 1095434640201765827 with payload=[1093313132515972035] from node2
2018-11-06 21:53:55 DEBUG Send: packetType.ACK 1093412088562471875 to node2
2018-11-06 21:53:55 DEBUG Send: packetType.KNOCKRPLY 1093723800108946371 to node2 at attempt 1
2018-11-06 21:53:55 DEBUG Send: packetType.KNOCKRPLY 1093753486922896323 to node1 at attempt 1
2018-11-06 21:53:55 DEBUG Send: packetType.KNOCKRPLY 1093769979597312963 to node2 at attempt 1
2018-11-06 21:53:55 DEBUG Received packetType.KNOCKRPLY 1096456086503969731 with payload=[{'192.168.1.641222': {'name': 'node2', 'host': '192.168.1.64', 'port': 1222}}] from node2
2018-11-06 21:53:55 DEBUG Send: packetType.ACK 1099504482491978691 to node2
2018-11-06 21:53:55 DEBUG Received packetType.KNOCKRPLY 1093753486922896323 with payload=[{'192.168.1.641222': {'name': 'node2', 'host': '192.168.1.64', 'port': 1222}}] from node1
2018-11-06 21:53:55 DEBUG Send: packetType.ACK 1100332414747694019 to node1
2018-11-06 21:53:55 DEBUG Received packetType.ACK 1099674906794283971 with payload=[1093723800108946371] from node2
2018-11-06 21:53:55 DEBUG Received packetType.ACK 1100332414747694019 with payload=[1093753486922896323] from node1
2018-11-06 21:53:55 DEBUG Received packetType.ACK 1102723302782292931 with payload=[1093769979597312963] from node2
2018-11-06 21:53:56 DEBUG Send: packetType.RTTSUM 1096596823992325060 to node2 at attempt 1
2018-11-06 21:53:56 DEBUG Received packetType.ACK 1098457747422335940 with payload=[1096596823992325060] from node2
2018-11-06 21:53:56 DEBUG Received packetType.RTTSUM 1110729396699943876 with payload=[0.006562948226928711] from node2
2018-11-06 21:53:56 DEBUG Send: packetType.ACK 1112380313409049540 to node2
2018-11-06 21:53:59 INFO Node node3 joined the network
2018-11-06 21:53:59 DEBUG Received packetType.KNOCKKNOCK 990202581330580423 with payload=[None] from node3
2018-11-06 21:53:59 DEBUG Send: packetType.KNOCKKNOCK 991680874714125255 to node3 at attempt 1
2018-11-06 21:53:59 DEBUG Send: packetType.ACK 991796323435041735 to node3
2018-11-06 21:53:59 DEBUG Received packetType.ACK 992905180911653831 with payload=[991680874714125255] from node3
2018-11-06 21:53:59 DEBUG Send: packetType.KNOCKRPLY 992497262097748935 to node2 at attempt 1
2018-11-06 21:53:59 DEBUG Send: packetType.KNOCKRPLY 993472528911586247 to node1 at attempt 1
2018-11-06 21:53:59 DEBUG Send: packetType.KNOCKRPLY 993502215725536199 to node3 at attempt 1
2018-11-06 21:53:59 DEBUG Send: packetType.KNOCKRPLY 993520907423208391 to node3 at attempt 1
2018-11-06 21:53:59 DEBUG Received packetType.KNOCKRPLY 993472528911586247 with payload=[{'192.168.1.641444': {'name': 'node3', 'host': '192.168.1.64', 'port': 1444}}] from node1
2018-11-06 21:53:59 DEBUG Send: packetType.ACK 999859591957337031 to node1
2018-11-06 21:53:59 DEBUG Received packetType.ACK 994775450190500807 with payload=[992497262097748935] from node2
2018-11-06 21:53:59 DEBUG Received packetType.KNOCKRPLY 993774344853410759 with payload=[{'192.168.1.641444': {'name': 'node3', 'host': '192.168.1.64', 'port': 1444}}] from node3
2018-11-06 21:53:59 DEBUG Send: packetType.ACK 1001925574305928135 to node3
2018-11-06 21:53:59 DEBUG Received packetType.ACK 998633086736552903 with payload=[993502215725536199] from node3
2018-11-06 21:53:59 DEBUG Received packetType.ACK 999859591957337031 with payload=[993472528911586247] from node1
2018-11-06 21:53:59 DEBUG Received packetType.ACK 1002545698863993799 with payload=[993520907423208391] from node3
2018-11-06 21:54:02 INFO Heartbeat from node1 with RTTSUM: 0.004385			
				# of active peer(s) in the network: 2 			
				peers: ['node2', 'node1'] 			
 				Hub: {node1}
2018-11-06 21:54:03 DEBUG Received packetType.RTTSUM 1003279073119720395 with payload=[9.223372036854776e+18] from node3
2018-11-06 21:54:03 DEBUG Send: packetType.ACK 1006611143107695563 to node3
2018-11-06 21:54:03 DEBUG Send: packetType.RTTSUM 1106917389886444491 to node2 at attempt 1
2018-11-06 21:54:03 DEBUG Received packetType.ACK 1110865186385974219 with payload=[1106917389886444491] from node2
2018-11-06 21:54:03 DEBUG Send: packetType.RTTSUM 1107042184456197067 to node3 at attempt 1
2018-11-06 21:54:03 DEBUG Received packetType.ACK 1112617807920649163 with payload=[1107042184456197067] from node3
2018-11-06 21:54:03 DEBUG Received packetType.RTTSUM 1114284667548357579 with payload=[9.223372036854776e+18] from node2
2018-11-06 21:54:03 DEBUG Send: packetType.ACK 1117695352617718731 to node2
2018-11-06 21:54:09 INFO Heartbeat from node1 with RTTSUM: 0.010820			
				# of active peer(s) in the network: 3 			
				peers: ['node2', 'node1', 'node3'] 			
 				Hub: {node1}
2018-11-06 21:54:10 DEBUG Received packetType.RTTSUM 1010457234781656018 with payload=[0.005759239196777344] from node3
2018-11-06 21:54:10 DEBUG Send: packetType.ACK 1015274195222942674 to node3
2018-11-06 21:54:10 DEBUG Send: packetType.RTTSUM 1119352866396591058 to node2 at attempt 1
2018-11-06 21:54:10 DEBUG Send: packetType.RTTSUM 1119530437524476882 to node3 at attempt 1
2018-11-06 21:54:10 DEBUG Received packetType.RTTSUM 1119721752547709906 with payload=[0.006415843963623047] from node2
2018-11-06 21:54:10 DEBUG Send: packetType.ACK 1124815789919196114 to node2
2018-11-06 21:54:10 DEBUG Received packetType.ACK 1124204461454152658 with payload=[1119530437524476882] from node3
2018-11-06 21:54:10 DEBUG Received packetType.ACK 1122230838082294738 with payload=[1119352866396591058] from node2
2018-11-06 21:54:16 INFO Heartbeat from node1 with RTTSUM: 0.006681			
				# of active peer(s) in the network: 3 			
				peers: ['node2', 'node1', 'node3'] 			
 				Hub: {node3}
2018-11-06 21:54:17 DEBUG Received packetType.RTTSUM 1021811341605884889 with payload=[0.006964921951293945] from node3
2018-11-06 21:54:17 DEBUG Send: packetType.ACK 1026727258093671385 to node3
2018-11-06 21:54:17 DEBUG Send: packetType.RTTSUM 1133252892394935257 to node2 at attempt 1
2018-11-06 21:54:17 DEBUG Send: packetType.RTTSUM 1133395828906546137 to node3 at attempt 1
2018-11-06 21:54:17 DEBUG Received packetType.RTTSUM 1133430463522821081 with payload=[0.008821964263916016] from node2
2018-11-06 21:54:17 DEBUG Send: packetType.ACK 1139266121487242201 to node2
2018-11-06 21:54:17 DEBUG Received packetType.ACK 1138939016777978841 with payload=[1133395828906546137] from node3
2018-11-06 21:54:17 DEBUG Received packetType.ACK 1137442581452575705 with payload=[1133252892394935257] from node2
2018-11-06 21:54:23 INFO Heartbeat from node1 with RTTSUM: 0.009252			
				# of active peer(s) in the network: 3 			
				peers: ['node2', 'node1', 'node3'] 			
 				Hub: {node3}
2018-11-06 21:54:24 DEBUG Received packetType.RTTSUM 1035681131034465248 with payload=[0.006947994232177734] from node3
2018-11-06 21:54:24 DEBUG Send: packetType.ACK 1039338106708448224 to node3
2018-11-06 21:54:24 DEBUG Send: packetType.RTTSUM 1147143022788629472 to node2 at attempt 1
2018-11-06 21:54:24 DEBUG Send: packetType.RTTSUM 1147253523707220960 to node3 at attempt 1
2018-11-06 21:54:24 DEBUG Received packetType.RTTSUM 1147216690067690464 with payload=[0.00881195068359375] from node2
2018-11-06 21:54:24 DEBUG Send: packetType.ACK 1151106762206761952 to node2
2018-11-06 21:54:24 DEBUG Received packetType.ACK 1150716985334715360 with payload=[1147253523707220960] from node3
2018-11-06 21:54:24 DEBUG Received packetType.ACK 1149787898009244640 with payload=[1147143022788629472] from node2
