2018-11-06 22:02:43 DEBUG socket created successfully at port 1222
2018-11-06 22:02:44 DEBUG Listener worker started.
2018-11-06 22:02:44 DEBUG Sender worker started.
2018-11-06 22:02:44 WARNING Attempt to contact POC with 5 more tries
2018-11-06 22:02:44 DEBUG Send: packetType.KNOCKKNOCK 2783415227274708 to POC at attempt 1
2018-11-06 22:02:45 DEBUG Send: packetType.KNOCKKNOCK 2783415227274708 to POC at attempt 2
2018-11-06 22:02:46 DEBUG Send: packetType.KNOCKKNOCK 2783415227274708 to POC at attempt 3
2018-11-06 22:02:47 WARNING Attempt to contact POC with 4 more tries
2018-11-06 22:02:47 DEBUG Send: packetType.KNOCKKNOCK 29000720235779543 to POC at attempt 1
2018-11-06 22:02:48 DEBUG Send: packetType.KNOCKKNOCK 29000720235779543 to POC at attempt 2
2018-11-06 22:02:49 DEBUG Send: packetType.KNOCKKNOCK 29000720235779543 to POC at attempt 3
2018-11-06 22:02:50 WARNING Attempt to contact POC with 3 more tries
2018-11-06 22:02:50 DEBUG Send: packetType.KNOCKKNOCK 55723250837247450 to POC at attempt 1
2018-11-06 22:02:51 DEBUG Send: packetType.KNOCKKNOCK 55723250837247450 to POC at attempt 2
2018-11-06 22:02:52 DEBUG Send: packetType.KNOCKKNOCK 55723250837247450 to POC at attempt 3
2018-11-06 22:02:53 WARNING Attempt to contact POC with 2 more tries
2018-11-06 22:02:53 DEBUG Send: packetType.KNOCKKNOCK 85894949415048669 to POC at attempt 1
2018-11-06 22:02:53 DEBUG Received packetType.KNOCKKNOCK 88371599356614109 with payload=[None] from node1
2018-11-06 22:02:53 DEBUG Send: packetType.ACK 90100581391291869 to node1
2018-11-06 22:02:53 DEBUG Received packetType.ACK 88493645147297245 with payload=[85894949415048669] from node1
2018-11-06 22:02:53 DEBUG Send: packetType.KNOCKRPLY 90721255705171421 to node2 at attempt 1
2018-11-06 22:02:53 DEBUG Send: packetType.KNOCKRPLY 91082995030709725 to node1 at attempt 1
2018-11-06 22:02:53 INFO Node node1 joined the network
2018-11-06 22:02:53 DEBUG Received packetType.KNOCKRPLY 90721255705171421 with payload=[{'192.168.1.641111': {'name': 'node1', 'port': 1111, 'host': '192.168.1.64'}}] from node2
2018-11-06 22:02:53 DEBUG Send: packetType.ACK 95614082448774621 to node2
2018-11-06 22:02:53 DEBUG Received packetType.KNOCKRPLY 90584916263327197 with payload=[{'192.168.1.641222': {'name': 'node2', 'port': 1222, 'host': '192.168.1.64'}}] from node1
2018-11-06 22:02:53 DEBUG Send: packetType.ACK 96944491518383581 to node1
2018-11-06 22:02:53 DEBUG Received packetType.KNOCKRPLY 90610205030766045 with payload=[{'192.168.1.641222': {'name': 'node2', 'port': 1222, 'host': '192.168.1.64'}, '192.168.1.641111': {'name': 'node1', 'port': 1111, 'host': '192.168.1.64'}}] from node1
2018-11-06 22:02:53 DEBUG Send: packetType.ACK 99054454332085725 to node1
2018-11-06 22:02:53 DEBUG Received packetType.ACK 95614082448774621 with payload=[90721255705171421] from node2
2018-11-06 22:02:53 DEBUG Received packetType.ACK 98085784588015069 with payload=[91082995030709725] from node1
2018-11-06 22:02:55 DEBUG Send: packetType.RTTSUM 99404648785532383 to node1 at attempt 1
2018-11-06 22:02:55 DEBUG Received packetType.RTTSUM 97965937820587487 with payload=[0.0022230148315429688] from node1
2018-11-06 22:02:55 DEBUG Send: packetType.ACK 101067660122543583 to node1
2018-11-06 22:02:55 DEBUG Received packetType.ACK 101881298727097823 with payload=[99404648785532383] from node1
2018-11-06 22:03:01 INFO Heartbeat from node2 with RTTSUM: 0.003575			
				# of active peer(s) in the network: 1 			
				peers: ['node1'] 			
 				Hub: {node1}
2018-11-06 22:03:02 DEBUG Send: packetType.RTTSUM 105755427947566566 to node1 at attempt 1
2018-11-06 22:03:02 DEBUG Received packetType.RTTSUM 105798858656863718 with payload=[0.0024139881134033203] from node1
2018-11-06 22:03:02 DEBUG Send: packetType.ACK 109349731458766310 to node1
2018-11-06 22:03:02 DEBUG Received packetType.ACK 109255723214591462 with payload=[105755427947566566] from node1
2018-11-06 22:03:08 INFO Heartbeat from node2 with RTTSUM: 0.002102			
				# of active peer(s) in the network: 1 			
				peers: ['node1'] 			
 				Hub: {node1}
2018-11-06 22:03:09 DEBUG Send: packetType.RTTSUM 110237587098195437 to node1 at attempt 1
2018-11-06 22:03:09 DEBUG Received packetType.RTTSUM 110233189051684333 with payload=[0.002151012420654297] from node1
2018-11-06 22:03:09 DEBUG Send: packetType.ACK 112909950109505005 to node1
2018-11-06 22:03:09 DEBUG Received packetType.ACK 113611438528026093 with payload=[110237587098195437] from node1
