2018-11-06 22:04:22 DEBUG socket created successfully at port 1444
2018-11-06 22:04:22 DEBUG Listener worker started.
2018-11-06 22:04:22 DEBUG Sender worker started.
2018-11-06 22:04:22 WARNING Attempt to contact POC with 5 more tries
2018-11-06 22:04:22 DEBUG Send: packetType.KNOCKKNOCK 1445468564950767158 to POC at attempt 1
2018-11-06 22:04:22 DEBUG Received packetType.KNOCKKNOCK 1447151917252892214 with payload=[None] from node1
2018-11-06 22:04:22 DEBUG Send: packetType.ACK 1448249229857412662 to node1
2018-11-06 22:04:22 DEBUG Received packetType.ACK 1447218437706372662 with payload=[1445468564950767158] from node1
2018-11-06 22:04:22 DEBUG Send: packetType.KNOCKRPLY 1448714873031775798 to node3 at attempt 1
2018-11-06 22:04:22 DEBUG Send: packetType.KNOCKRPLY 1449093105031730742 to node1 at attempt 1
2018-11-06 22:04:22 INFO Node node1 joined the network
2018-11-06 22:04:22 DEBUG Received packetType.KNOCKRPLY 1448037024113251894 with payload=[{'192.168.1.641444': {'name': 'node3', 'host': '192.168.1.64', 'port': 1444}}] from node1
2018-11-06 22:04:22 DEBUG Send: packetType.ACK 1452807805066171958 to node1
2018-11-06 22:04:22 DEBUG Received packetType.KNOCKRPLY 1448714873031775798 with payload=[{'192.168.1.641111': {'name': 'node1', 'host': '192.168.1.64', 'port': 1111}}] from node3
2018-11-06 22:04:22 DEBUG Send: packetType.ACK 1454147559984617014 to node3
2018-11-06 22:04:22 DEBUG Received packetType.KNOCKRPLY 1448989201182905910 with payload=[{'192.168.1.641111': {'name': 'node1', 'host': '192.168.1.64', 'port': 1111}, '192.168.1.641444': {'name': 'node3', 'host': '192.168.1.64', 'port': 1444}, '192.168.1.641222': {'name': 'node2', 'host': '192.168.1.64', 'port': 1222}}] from node1
2018-11-06 22:04:22 DEBUG Send: packetType.ACK 1455814969368139318 to node1
2018-11-06 22:04:22 INFO Node node2 joined the network.
2018-11-06 22:04:22 DEBUG Received packetType.ACK 1453697859728856630 with payload=[1449093105031730742] from node1
2018-11-06 22:04:22 DEBUG Received packetType.ACK 1454147559984617014 with payload=[1448714873031775798] from node3
2018-11-06 22:04:26 DEBUG Send: packetType.RTTSUM 1456515908030846522 to node1 at attempt 1
2018-11-06 22:04:26 DEBUG Received packetType.ACK 1459414220681664058 with payload=[1456515908030846522] from node1
2018-11-06 22:04:26 DEBUG Send: packetType.RTTSUM 1456670389414549050 to node2 at attempt 1
2018-11-06 22:04:26 DEBUG Received packetType.ACK 1462059095902279226 with payload=[1456670389414549050] from node2
2018-11-06 22:04:26 DEBUG Received packetType.RTTSUM 1935208636148241978 with payload=[9.223372036854776e+18] from node2
2018-11-06 22:04:26 DEBUG Received packetType.RTTSUM 1935164655683130938 with payload=[0.0050389766693115234] from node1
2018-11-06 22:04:26 DEBUG Send: packetType.ACK 1945753502414427706 to node2
2018-11-06 22:04:26 DEBUG Send: packetType.ACK 1946595178565490234 to node1
2018-11-06 22:04:32 INFO Heartbeat from node3 with RTTSUM: 9223372036854775808.000000			
				# of active peer(s) in the network: 2 			
				peers: ['node1', 'node2'] 			
 				Hub: {node1}
2018-11-06 22:04:33 DEBUG Send: packetType.RTTSUM 1466220747413411393 to node1 at attempt 1
2018-11-06 22:04:33 DEBUG Received packetType.ACK 1469025051820054081 with payload=[1466220747413411393] from node1
2018-11-06 22:04:33 DEBUG Send: packetType.RTTSUM 1466349940029675073 to node2 at attempt 1
2018-11-06 22:04:33 DEBUG Received packetType.ACK 1470579211505915457 with payload=[1466349940029675073] from node2
2018-11-06 22:04:33 DEBUG Received packetType.RTTSUM 1952105930843903553 with payload=[0.011629104614257812] from node1
2018-11-06 22:04:33 DEBUG Send: packetType.ACK 1954706825599407681 to node1
2018-11-06 22:04:33 DEBUG Received packetType.RTTSUM 1952105930843903553 with payload=[0.012743234634399414] from node2
2018-11-06 22:04:33 DEBUG Send: packetType.ACK 1956494081750357569 to node2
2018-11-06 22:04:39 INFO Heartbeat from node3 with RTTSUM: 0.003596			
				# of active peer(s) in the network: 2 			
				peers: ['node1', 'node2'] 			
 				Hub: {node3}
2018-11-06 22:04:40 DEBUG Send: packetType.RTTSUM 1480213132388488776 to node1 at attempt 1
2018-11-06 22:04:40 DEBUG Received packetType.ACK 1482972906574206536 with payload=[1480213132388488776] from node1
2018-11-06 22:04:40 DEBUG Send: packetType.RTTSUM 1480353320121030216 to node2 at attempt 1
2018-11-06 22:04:40 DEBUG Received packetType.ACK 1485430864818099784 with payload=[1480353320121030216] from node2
2018-11-06 22:04:40 DEBUG Received packetType.RTTSUM 1967070833853748808 with payload=[0.003431081771850586] from node1
2018-11-06 22:04:40 DEBUG Send: packetType.ACK 1969639842772047432 to node1
2018-11-06 22:04:40 DEBUG Received packetType.RTTSUM 1967022455342126664 with payload=[0.0039980411529541016] from node2
2018-11-06 22:04:40 DEBUG Send: packetType.ACK 1971103842504431176 to node2
2018-11-06 22:04:46 INFO Heartbeat from node3 with RTTSUM: 0.003440			
				# of active peer(s) in the network: 2 			
				peers: ['node1', 'node2'] 			
 				Hub: {node1}
2018-11-06 22:04:47 DEBUG Send: packetType.RTTSUM 1484965221643736655 to node1 at attempt 1
2018-11-06 22:04:47 DEBUG Received packetType.ACK 1487946547422451279 with payload=[1484965221643736655] from node1
2018-11-06 22:04:47 DEBUG Send: packetType.RTTSUM 1485124101073950287 to node2 at attempt 1
2018-11-06 22:04:47 DEBUG Received packetType.ACK 1490485319770986063 with payload=[1485124101073950287] from node2
2018-11-06 22:04:47 DEBUG Received packetType.RTTSUM 1971461183783458383 with payload=[0.004618644714355469] from node1
2018-11-06 22:04:47 DEBUG Send: packetType.ACK 1974241848690103887 to node1
2018-11-06 22:04:47 DEBUG Received packetType.RTTSUM 1971461183783458383 with payload=[0.005048990249633789] from node2
2018-11-06 22:04:47 DEBUG Send: packetType.ACK 1976266599352653391 to node2
2018-11-06 22:04:53 INFO Heartbeat from node3 with RTTSUM: 0.003644			
				# of active peer(s) in the network: 2 			
				peers: ['node1', 'node2'] 			
 				Hub: {node3}
2018-11-06 22:04:54 DEBUG Send: packetType.RTTSUM 1488822858189788758 to node1 at attempt 1
2018-11-06 22:04:54 DEBUG Send: packetType.RTTSUM 1488981737620002390 to node2 at attempt 1
2018-11-06 22:04:54 DEBUG Received packetType.ACK 1500861960758122070 with payload=[1488981737620002390] from node2
2018-11-06 22:04:54 DEBUG Received packetType.RTTSUM 1978191844212889174 with payload=[0.0049228668212890625] from node2
2018-11-06 22:04:54 DEBUG Send: packetType.ACK 1981496426410169942 to node2
2018-11-06 22:04:55 DEBUG Send: packetType.RTTSUM 1488822858189788758 to node1 at attempt 2
2018-11-06 22:04:56 DEBUG Send: packetType.RTTSUM 1488822858189788758 to node1 at attempt 3
2018-11-06 22:04:57 INFO Node node1 exited the network
2018-11-06 22:05:00 INFO Heartbeat from node3 with RTTSUM: 0.003515			
				# of active peer(s) in the network: 2 			
				peers: ['node1', 'node2'] 			
 				Hub: {node3}
2018-11-06 22:05:01 DEBUG Send: packetType.RTTSUM 1506631098269062749 to node1 at attempt 1
2018-11-06 22:05:01 DEBUG Send: packetType.RTTSUM 1506727855292307037 to node2 at attempt 1
2018-11-06 22:05:01 DEBUG Received packetType.ACK 1509579988454757981 with payload=[1506727855292307037] from node2
2018-11-06 22:05:01 DEBUG Received packetType.RTTSUM 1991750471850808925 with payload=[0.00152587890625] from node2
2018-11-06 22:05:01 DEBUG Send: packetType.ACK 1994316731990038109 to node2
2018-11-06 22:05:02 DEBUG Send: packetType.RTTSUM 1506631098269062749 to node1 at attempt 2
2018-11-06 22:05:03 DEBUG Send: packetType.RTTSUM 1506631098269062749 to node1 at attempt 3
2018-11-06 22:05:07 INFO Heartbeat from node3 with RTTSUM: 0.002034			
				# of active peer(s) in the network: 1 			
				peers: ['node2'] 			
 				Hub: {node2}
2018-11-06 22:05:07 CRITICAL Node Exiting...
2018-11-06 22:05:07 DEBUG Send: packetType.TERMINATE 1829582402358498915 to node3
2018-11-06 22:05:07 DEBUG Listener exiting
2018-11-06 22:05:07 DEBUG Sender exiting
