2018-11-06 21:52:46 DEBUG socket created successfully at port 1111
2018-11-06 21:52:46 DEBUG Listener worker started.
2018-11-06 21:52:46 DEBUG Sender worker started.
2018-11-06 21:52:46 WARNING Exiting in 20 seconds if no peers emerge
2018-11-06 21:52:46 INFO Node node3 joined the network
2018-11-06 21:52:46 DEBUG Received packetType.KNOCKKNOCK 1778381444387853182 with payload=[None] from node3
2018-11-06 21:52:46 DEBUG Send: packetType.KNOCKKNOCK 1784092857538335614 to node3 at attempt 1
2018-11-06 21:52:46 DEBUG Send: packetType.ACK 1784261082817385342 to node3
2018-11-06 21:52:46 DEBUG Received packetType.ACK 1787583806956524414 with payload=[1784092857538335614] from node3
2018-11-06 21:52:46 DEBUG Send: packetType.KNOCKRPLY 1784743218666165118 to node3 at attempt 1
2018-11-06 21:52:46 DEBUG Send: packetType.KNOCKRPLY 1784821833747551102 to node1 at attempt 1
2018-11-06 21:52:46 DEBUG Send: packetType.KNOCKRPLY 1784872411282428798 to node3 at attempt 1
2018-11-06 21:52:46 DEBUG Received packetType.KNOCKRPLY 1784821833747551102 with payload=[{'192.168.1.641444': {'host': '192.168.1.64', 'port': 1444, 'name': 'node3'}}] from node1
2018-11-06 21:52:46 DEBUG Send: packetType.ACK 1792753710630327166 to node1
2018-11-06 21:52:46 DEBUG Received packetType.KNOCKRPLY 1789168203212149630 with payload=[{'192.168.1.641444': {'host': '192.168.1.64', 'name': 'node3', 'port': 1444}}] from node3
2018-11-06 21:52:46 DEBUG Send: packetType.ACK 1794151189909230462 to node3
2018-11-06 21:52:46 DEBUG Received packetType.ACK 1792753710630327166 with payload=[1784821833747551102] from node1
2018-11-06 21:52:46 DEBUG Received packetType.ACK 1793147885548884862 with payload=[1784743218666165118] from node3
2018-11-06 21:52:46 DEBUG Received packetType.ACK 1796970887478662014 with payload=[1784872411282428798] from node3
2018-11-06 21:52:47 INFO Node node2 joined the network
2018-11-06 21:52:47 DEBUG Received packetType.KNOCKKNOCK 487821974704378751 with payload=[None] from node2
2018-11-06 21:52:47 DEBUG Send: packetType.KNOCKKNOCK 489366788541404031 to node2 at attempt 1
2018-11-06 21:52:47 DEBUG Send: packetType.ACK 489438256797209471 to node2
2018-11-06 21:52:47 DEBUG Received packetType.ACK 490637274227299199 with payload=[489366788541404031] from node2
2018-11-06 21:52:47 DEBUG Send: packetType.KNOCKRPLY 490212862738977663 to node3 at attempt 1
2018-11-06 21:52:47 DEBUG Send: packetType.KNOCKRPLY 491370648483025791 to node1 at attempt 1
2018-11-06 21:52:47 DEBUG Send: packetType.KNOCKRPLY 491411880169067391 to node2 at attempt 1
2018-11-06 21:52:47 DEBUG Send: packetType.KNOCKRPLY 491442116738831231 to node2 at attempt 1
2018-11-06 21:52:47 DEBUG Received packetType.ACK 492846193087501183 with payload=[490212862738977663] from node3
2018-11-06 21:52:47 DEBUG Received packetType.KNOCKRPLY 491370648483025791 with payload=[{'192.168.1.641222': {'host': '192.168.1.64', 'port': 1222, 'name': 'node2'}}] from node1
2018-11-06 21:52:47 DEBUG Send: packetType.ACK 498421816551953279 to node1
2018-11-06 21:52:47 DEBUG Received packetType.KNOCKRPLY 491582854227186559 with payload=[{'192.168.1.641222': {'host': '192.168.1.64', 'name': 'node2', 'port': 1222}}] from node2
2018-11-06 21:52:47 DEBUG Received packetType.ACK 498421816551953279 with payload=[491370648483025791] from node1
2018-11-06 21:52:47 DEBUG Received packetType.ACK 497515818970665855 with payload=[491411880169067391] from node2
2018-11-06 21:52:47 DEBUG Send: packetType.ACK 499837437772714879 to node2
2018-11-06 21:52:47 DEBUG Received packetType.ACK 500005663051764607 with payload=[491442116738831231] from node2
2018-11-06 21:52:50 DEBUG Received packetType.RTTSUM 506098056981271426 with payload=[9.223372036854776e+18] from node2
2018-11-06 21:52:50 DEBUG Send: packetType.ACK 510407592806339458 to node2
2018-11-06 21:52:50 DEBUG Send: packetType.RTTSUM 1791158319258424194 to node3 at attempt 1
2018-11-06 21:52:50 DEBUG Received packetType.ACK 1793030237804712834 with payload=[1791158319258424194] from node3
2018-11-06 21:52:50 DEBUG Send: packetType.RTTSUM 1791282564072362882 to node2 at attempt 1
2018-11-06 21:52:50 DEBUG Received packetType.ACK 1794958231444018050 with payload=[1791282564072362882] from node2
2018-11-06 21:52:50 DEBUG Received packetType.RTTSUM 1806764237547262850 with payload=[9.223372036854776e+18] from node3
2018-11-06 21:52:50 DEBUG Send: packetType.ACK 1808929175942353794 to node3
2018-11-06 21:52:54 INFO Heartbeat from node1 with RTTSUM: 0.009740			
				# of active peer(s) in the network: 3 			
				peers: ['node3', 'node1', 'node2'] 			
 				Hub: {node1}
2018-11-06 21:52:55 DEBUG Received packetType.RTTSUM 516836437293945735 with payload=[0.007382869720458984] from node2
2018-11-06 21:52:55 DEBUG Send: packetType.ACK 521487371479438215 to node2
2018-11-06 21:52:55 DEBUG Send: packetType.RTTSUM 1796978034304242567 to node3 at attempt 1
2018-11-06 21:52:55 DEBUG Send: packetType.RTTSUM 1797111624967017351 to node2 at attempt 1
2018-11-06 21:52:55 DEBUG Received packetType.ACK 1799763647013213063 with payload=[1796978034304242567] from node3
2018-11-06 21:52:55 DEBUG Received packetType.ACK 1801123742896771975 with payload=[1797111624967017351] from node2
2018-11-06 21:52:55 DEBUG Received packetType.RTTSUM 1812018803616404359 with payload=[0.008256196975708008] from node3
2018-11-06 21:52:55 DEBUG Send: packetType.ACK 1814892377255596935 to node3
2018-11-06 21:52:59 INFO Heartbeat from node1 with RTTSUM: 0.006056			
				# of active peer(s) in the network: 3 			
				peers: ['node3', 'node1', 'node2'] 			
 				Hub: {node2}
2018-11-06 21:53:00 DEBUG Received packetType.RTTSUM 527669375606608780 with payload=[0.008315086364746094] from node2
2018-11-06 21:53:00 DEBUG Send: packetType.ACK 531072364094575500 to node2
2018-11-06 21:53:00 DEBUG Send: packetType.RTTSUM 1809480581023683468 to node3 at attempt 1
2018-11-06 21:53:00 DEBUG Received packetType.ACK 1811488839011816332 with payload=[1809480581023683468] from node3
2018-11-06 21:53:00 DEBUG Send: packetType.RTTSUM 1809745563325977484 to node2 at attempt 1
2018-11-06 21:53:00 DEBUG Received packetType.ACK 1813282692232532876 with payload=[1809745563325977484] from node2
2018-11-06 21:53:00 DEBUG Received packetType.RTTSUM 1823248665626694540 with payload=[0.007935047149658203] from node3
2018-11-06 21:53:00 DEBUG Send: packetType.ACK 1825734111661282188 to node3
2018-11-06 21:53:04 INFO Heartbeat from node1 with RTTSUM: 0.006904			
				# of active peer(s) in the network: 3 			
				peers: ['node3', 'node1', 'node2'] 			
 				Hub: {node2}
2018-11-06 21:53:05 DEBUG Received packetType.RTTSUM 541910250209563537 with payload=[0.007416963577270508] from node2
2018-11-06 21:53:05 DEBUG Send: packetType.ACK 546883891057808273 to node2
2018-11-06 21:53:05 DEBUG Send: packetType.RTTSUM 1822279995882623889 to node3 at attempt 1
2018-11-06 21:53:05 DEBUG Send: packetType.RTTSUM 1822413586545398673 to node2 at attempt 1
2018-11-06 21:53:05 DEBUG Received packetType.ACK 1825042518847411089 with payload=[1822279995882623889] from node3
2018-11-06 21:53:05 DEBUG Received packetType.ACK 1826596678533272465 with payload=[1822413586545398673] from node2
2018-11-06 21:53:05 DEBUG Received packetType.RTTSUM 1827595035091293073 with payload=[0.0075893402099609375] from node3
2018-11-06 21:53:05 DEBUG Send: packetType.ACK 1830472457021182865 to node3
2018-11-06 21:53:09 INFO Heartbeat from node1 with RTTSUM: 0.006137			
				# of active peer(s) in the network: 3 			
				peers: ['node3', 'node1', 'node2'] 			
 				Hub: {node2}
2018-11-06 21:53:10 DEBUG Received packetType.RTTSUM 549780004685370262 with payload=[0.008487224578857422] from node2
2018-11-06 21:53:10 DEBUG Send: packetType.ACK 556016984393929622 to node2
2018-11-06 21:53:10 DEBUG Send: packetType.RTTSUM 1834060713218429846 to node3 at attempt 1
2018-11-06 21:53:10 DEBUG Send: packetType.RTTSUM 1834212995578876822 to node2 at attempt 1
2018-11-06 21:53:10 DEBUG Received packetType.RTTSUM 1834042021520757654 with payload=[0.007236957550048828] from node3
2018-11-06 21:53:10 DEBUG Send: packetType.ACK 1837152539915735958 to node3
2018-11-06 21:53:10 DEBUG Received packetType.ACK 1838785314682983318 with payload=[1834212995578876822] from node2
2018-11-06 21:53:10 DEBUG Received packetType.ACK 1837604439194751894 with payload=[1834060713218429846] from node3
