2018-11-06 22:07:14 DEBUG socket created successfully at port 1222
2018-11-06 22:07:14 DEBUG Listener worker started.
2018-11-06 22:07:14 DEBUG Sender worker started.
2018-11-06 22:07:14 WARNING Attempt to contact POC with 5 more tries
2018-11-06 22:07:14 DEBUG Send: packetType.KNOCKKNOCK 917467138374129378 to POC at attempt 1
2018-11-06 22:07:15 DEBUG Send: packetType.KNOCKKNOCK 917467138374129378 to POC at attempt 2
2018-11-06 22:07:16 DEBUG Send: packetType.KNOCKKNOCK 917467138374129378 to POC at attempt 3
2018-11-06 22:07:17 WARNING Attempt to contact POC with 4 more tries
2018-11-06 22:07:17 DEBUG Send: packetType.KNOCKKNOCK 942050019347945189 to POC at attempt 1
2018-11-06 22:07:18 DEBUG Send: packetType.KNOCKKNOCK 942050019347945189 to POC at attempt 2
2018-11-06 22:07:19 DEBUG Send: packetType.KNOCKKNOCK 942050019347945189 to POC at attempt 3
2018-11-06 22:07:20 WARNING Attempt to contact POC with 3 more tries
2018-11-06 22:07:20 DEBUG Send: packetType.KNOCKKNOCK 964481156066203368 to POC at attempt 1
2018-11-06 22:07:21 DEBUG Send: packetType.KNOCKKNOCK 964481156066203368 to POC at attempt 2
2018-11-06 22:07:21 DEBUG Received packetType.KNOCKKNOCK 976824273599616745 with payload=[None] from node1
2018-11-06 22:07:21 DEBUG Send: packetType.ACK 980103017273644777 to node1
2018-11-06 22:07:21 DEBUG Send: packetType.KNOCKRPLY 980974929994471145 to node2 at attempt 1
2018-11-06 22:07:21 DEBUG Received packetType.ACK 977045825192613609 with payload=[964481156066203368] from node1
2018-11-06 22:07:21 DEBUG Send: packetType.KNOCKRPLY 981592855529281257 to node1 at attempt 1
2018-11-06 22:07:21 INFO Node node1 joined the network
2018-11-06 22:07:21 DEBUG Received packetType.KNOCKRPLY 980974929994471145 with payload=[{'192.168.1.641111': {'name': 'node1', 'host': '192.168.1.64', 'port': 1111}}] from node2
2018-11-06 22:07:21 DEBUG Send: packetType.ACK 986296566272906985 to node2
2018-11-06 22:07:21 DEBUG Received packetType.KNOCKRPLY 977774251646015209 with payload=[{'192.168.1.641222': {'name': 'node2', 'host': '192.168.1.64', 'port': 1222}}] from node1
2018-11-06 22:07:21 DEBUG Send: packetType.ACK 987618179249493737 to node1
2018-11-06 22:07:21 DEBUG Received packetType.KNOCKRPLY 977907842308789993 with payload=[{'192.168.1.641222': {'name': 'node2', 'host': '192.168.1.64', 'port': 1222}, '192.168.1.641111': {'name': 'node1', 'host': '192.168.1.64', 'port': 1111}}] from node1
2018-11-06 22:07:21 DEBUG Send: packetType.ACK 990530235795658473 to node1
2018-11-06 22:07:21 DEBUG Received packetType.ACK 986296566272906985 with payload=[980974929994471145] from node2
2018-11-06 22:07:21 DEBUG Received packetType.ACK 986884804993767145 with payload=[981592855529281257] from node1
2018-11-06 22:07:21 DEBUG Received packetType.KNOCKRPLY 1070074954262927081 with payload=[{'192.168.1.641444': {'name': 'node3', 'host': '192.168.1.64', 'port': 1444}}] from node1
2018-11-06 22:07:21 INFO Node node3 joined the network.
2018-11-06 22:07:21 DEBUG Send: packetType.ACK 1073432313018341097 to node1
2018-11-06 22:07:28 DEBUG Send: packetType.RTTSUM 990442824621250288 to node3 at attempt 1
2018-11-06 22:07:28 DEBUG Send: packetType.RTTSUM 990580813330536176 to node1 at attempt 1
2018-11-06 22:07:28 DEBUG Received packetType.RTTSUM 990401043179394800 with payload=[0.008554697036743164] from node1
2018-11-06 22:07:28 DEBUG Send: packetType.ACK 992845257527940848 to node1
2018-11-06 22:07:28 DEBUG Received packetType.ACK 993774344853411568 with payload=[990442824621250288] from node3
2018-11-06 22:07:28 DEBUG Received packetType.ACK 995358741109036784 with payload=[990580813330536176] from node1
2018-11-06 22:07:28 DEBUG Received packetType.RTTSUM 1100514383922091760 with payload=[9.223372036854776e+18] from node3
2018-11-06 22:07:28 DEBUG Send: packetType.ACK 1102935508526454512 to node3
2018-11-06 22:07:34 INFO Heartbeat from node2:			
				# of active peer(s) in the network: 2 			
				peers: ['node3', 'node1'] 			
 				Hub: {node1}
2018-11-06 22:07:35 DEBUG Send: packetType.RTTSUM 996673207260042999 to node3 at attempt 1
2018-11-06 22:07:35 DEBUG Send: packetType.RTTSUM 996806797922817783 to node1 at attempt 1
2018-11-06 22:07:35 DEBUG Received packetType.RTTSUM 996624278992606967 with payload=[0.0053119659423828125] from node1
2018-11-06 22:07:35 DEBUG Send: packetType.ACK 999905771445704439 to node1
2018-11-06 22:07:35 DEBUG Received packetType.ACK 999241666422527735 with payload=[996673207260042999] from node3
2018-11-06 22:07:35 DEBUG Received packetType.ACK 1001415950666454775 with payload=[996806797922817783] from node1
2018-11-06 22:07:35 DEBUG Received packetType.RTTSUM 1112400654374164215 with payload=[0.003475189208984375] from node3
2018-11-06 22:07:35 DEBUG Send: packetType.ACK 1115147234420348663 to node3
2018-11-06 22:07:41 INFO Heartbeat from node2:			
				# of active peer(s) in the network: 2 			
				peers: ['node3', 'node1'] 			
 				Hub: {node3}
2018-11-06 22:07:42 DEBUG Send: packetType.RTTSUM 1002663346608166654 to node3 at attempt 1
2018-11-06 22:07:42 DEBUG Send: packetType.RTTSUM 1002794738247685886 to node1 at attempt 1
2018-11-06 22:07:42 DEBUG Received packetType.RTTSUM 1002599025177941758 with payload=[0.004877805709838867] from node1
2018-11-06 22:07:42 DEBUG Send: packetType.ACK 1005854679107786494 to node1
2018-11-06 22:07:42 DEBUG Received packetType.ACK 1005333510596220670 with payload=[1002663346608166654] from node3
2018-11-06 22:07:42 DEBUG Received packetType.ACK 1007676569875011326 with payload=[1002794738247685886] from node1
2018-11-06 22:07:42 DEBUG Received packetType.RTTSUM 1118435323943212798 with payload=[0.0034711360931396484] from node3
2018-11-06 22:07:42 DEBUG Send: packetType.ACK 1120992238233605886 to node3
2018-11-06 22:07:43 DEBUG Send: packetType.ACK 98362861518214911 to node3
2018-11-06 22:07:43 INFO Received [me] from node3.
2018-11-06 22:07:45 INFO Received [message] from node3.
2018-11-06 22:07:45 DEBUG Send: packetType.ACK 1017859147059844865 to node3
2018-11-06 22:07:48 INFO Heartbeat from node2:			
				# of active peer(s) in the network: 2 			
				peers: ['node3', 'node1'] 			
 				Hub: {node3}
2018-11-06 22:07:49 DEBUG Send: packetType.RTTSUM 1017714011524978437 to node3 at attempt 1
2018-11-06 22:07:49 DEBUG Send: packetType.RTTSUM 1017859147059844869 to node1 at attempt 1
2018-11-06 22:07:49 DEBUG Received packetType.RTTSUM 1017716210548233989 with payload=[0.0041997432708740234] from node1
2018-11-06 22:07:49 DEBUG Received packetType.ACK 1020421009152562949 with payload=[1017714011524978437] from node3
2018-11-06 22:07:49 DEBUG Send: packetType.ACK 1020413862326982405 to node1
2018-11-06 22:07:49 DEBUG Received packetType.ACK 1022712941140662021 with payload=[1017859147059844869] from node1
2018-11-06 22:07:49 DEBUG Received packetType.RTTSUM 1127649231383975685 with payload=[0.0029649734497070312] from node3
2018-11-06 22:07:49 DEBUG Send: packetType.ACK 1130437043116201733 to node3
2018-11-06 22:07:55 INFO Heartbeat from node2:			
				# of active peer(s) in the network: 2 			
				peers: ['node3', 'node1'] 			
 				Hub: {node3}
2018-11-06 22:07:56 DEBUG Send: packetType.RTTSUM 1025749792256579340 to node3 at attempt 1
2018-11-06 22:07:56 DEBUG Send: packetType.RTTSUM 1025890529744934668 to node1 at attempt 1
2018-11-06 22:07:56 DEBUG Received packetType.RTTSUM 1025751991279834892 with payload=[0.005124092102050781] from node1
2018-11-06 22:07:56 DEBUG Received packetType.ACK 1028387520651613964 with payload=[1025749792256579340] from node3
2018-11-06 22:07:56 DEBUG Send: packetType.ACK 1029067568593393420 to node1
2018-11-06 22:07:56 DEBUG Received packetType.ACK 1030898805209454348 with payload=[1025890529744934668] from node1
2018-11-06 22:07:56 DEBUG Received packetType.RTTSUM 1141357942359086860 with payload=[0.003290891647338867] from node3
2018-11-06 22:07:56 DEBUG Send: packetType.ACK 1143209519940261644 to node3
2018-11-06 22:08:02 INFO Heartbeat from node2:			
				# of active peer(s) in the network: 2 			
				peers: ['node3', 'node1'] 			
 				Hub: {node3}
2018-11-06 22:08:03 DEBUG Send: packetType.RTTSUM 1029196761209657107 to node3 at attempt 1
2018-11-06 22:08:03 DEBUG Send: packetType.RTTSUM 1029364986488706835 to node1 at attempt 1
2018-11-06 22:08:03 DEBUG Received packetType.RTTSUM 1029196761209657107 with payload=[0.0046689510345458984] from node1
2018-11-06 22:08:03 DEBUG Send: packetType.ACK 1034389754627643155 to node1
2018-11-06 22:08:03 DEBUG Received packetType.ACK 1033635489650988819 with payload=[1029196761209657107] from node3
2018-11-06 22:08:03 DEBUG Received packetType.ACK 1036859257743628051 with payload=[1029364986488706835] from node1
2018-11-06 22:08:03 DEBUG Received packetType.RTTSUM 1155748350543419155 with payload=[0.002505064010620117] from node3
2018-11-06 22:08:03 DEBUG Send: packetType.ACK 1158294269717534483 to node3
2018-11-06 22:08:09 INFO Heartbeat from node2:			
				# of active peer(s) in the network: 2 			
				peers: ['node3', 'node1'] 			
 				Hub: {node3}
2018-11-06 22:08:10 DEBUG Send: packetType.RTTSUM 1043006627254523674 to node3 at attempt 1
2018-11-06 22:08:10 DEBUG Send: packetType.RTTSUM 1043165506684737306 to node1 at attempt 1
2018-11-06 22:08:10 DEBUG Received packetType.RTTSUM 1042990684335920922 with payload=[0.00541996955871582] from node1
2018-11-06 22:08:10 DEBUG Send: packetType.ACK 1046363986009937690 to node1
2018-11-06 22:08:10 DEBUG Received packetType.ACK 1048404679591089946 with payload=[1043165506684737306] from node1
2018-11-06 22:08:11 DEBUG Send: packetType.RTTSUM 1043006627254523674 to node3 at attempt 2
2018-11-06 22:08:12 DEBUG Send: packetType.RTTSUM 1043006627254523674 to node3 at attempt 3
2018-11-06 22:08:13 INFO Node node3 exited the network
2018-11-06 22:08:16 INFO Heartbeat from node2:			
				# of active peer(s) in the network: 2 			
				peers: ['node3', 'node1'] 			
 				Hub: {node1}
2018-11-06 22:08:17 DEBUG Send: packetType.RTTSUM 1058236512566662945 to node3 at attempt 1
2018-11-06 22:08:17 DEBUG Send: packetType.RTTSUM 1058375051031762721 to node1 at attempt 1
2018-11-06 22:08:17 DEBUG Received packetType.RTTSUM 1058178788206204705 with payload=[0.0031609535217285156] from node1
2018-11-06 22:08:17 DEBUG Send: packetType.ACK 1061395409473263393 to node1
2018-11-06 22:08:17 DEBUG Received packetType.ACK 1062613118601025313 with payload=[1058375051031762721] from node1
2018-11-06 22:08:18 DEBUG Send: packetType.RTTSUM 1058236512566662945 to node3 at attempt 2
2018-11-06 22:08:19 DEBUG Send: packetType.RTTSUM 1058236512566662945 to node3 at attempt 3
2018-11-06 22:08:23 INFO Heartbeat from node2:			
				# of active peer(s) in the network: 1 			
				peers: ['node1'] 			
 				Hub: {node2}
2018-11-06 22:08:24 DEBUG Send: packetType.RTTSUM 1061446536763954984 to node3 at attempt 1
2018-11-06 22:08:24 DEBUG Send: packetType.RTTSUM 1061674685426718504 to node1 at attempt 1
2018-11-06 22:08:24 DEBUG Received packetType.RTTSUM 1061688429322065704 with payload=[0.0026988983154296875] from node1
2018-11-06 22:08:24 DEBUG Send: packetType.ACK 1064238746542692136 to node1
2018-11-06 22:08:24 DEBUG Received packetType.ACK 1066235459658733352 with payload=[1061674685426718504] from node1
2018-11-06 22:08:25 DEBUG Send: packetType.RTTSUM 1061446536763954984 to node3 at attempt 2
2018-11-06 22:08:26 DEBUG Send: packetType.RTTSUM 1061446536763954984 to node3 at attempt 3
2018-11-06 22:08:30 INFO Heartbeat from node2:			
				# of active peer(s) in the network: 1 			
				peers: ['node1'] 			
 				Hub: {node2}
2018-11-06 22:08:31 DEBUG Send: packetType.RTTSUM 1068596660879382319 to node3 at attempt 1
2018-11-06 22:08:31 DEBUG Send: packetType.RTTSUM 1068735199344482095 to node1 at attempt 1
2018-11-06 22:08:31 DEBUG Received packetType.RTTSUM 1068538936518924079 with payload=[0.0025670528411865234] from node1
2018-11-06 22:08:31 DEBUG Received packetType.ACK 1072940831320725295 with payload=[1068735199344482095] from node1
2018-11-06 22:08:31 DEBUG Send: packetType.ACK 1072320706762659631 to node1
2018-11-06 22:08:32 DEBUG Send: packetType.RTTSUM 1068596660879382319 to node3 at attempt 2
2018-11-06 22:08:33 DEBUG Send: packetType.RTTSUM 1068596660879382319 to node3 at attempt 3
2018-11-06 22:08:37 INFO Heartbeat from node2:			
				# of active peer(s) in the network: 1 			
				peers: ['node1'] 			
 				Hub: {node2}
2018-11-06 22:08:38 DEBUG Send: packetType.RTTSUM 1076874883924907830 to node3 at attempt 1
2018-11-06 22:08:38 DEBUG Send: packetType.RTTSUM 1077017820436518710 to node1 at attempt 1
2018-11-06 22:08:38 DEBUG Received packetType.RTTSUM 1076874883924907830 with payload=[0.0025060176849365234] from node1
2018-11-06 22:08:38 DEBUG Send: packetType.ACK 1080103050064058166 to node1
2018-11-06 22:08:38 DEBUG Received packetType.ACK 1081265233854617398 with payload=[1077017820436518710] from node1
2018-11-06 22:08:39 DEBUG Send: packetType.RTTSUM 1076874883924907830 to node3 at attempt 2
2018-11-06 22:08:40 DEBUG Send: packetType.RTTSUM 1076874883924907830 to node3 at attempt 3
2018-11-06 22:08:44 INFO Heartbeat from node2:			
				# of active peer(s) in the network: 1 			
				peers: ['node1'] 			
 				Hub: {node2}
2018-11-06 22:08:45 DEBUG Send: packetType.RTTSUM 1091673760678958909 to node3 at attempt 1
2018-11-06 22:08:45 DEBUG Send: packetType.RTTSUM 1091897511295211325 to node1 at attempt 1
2018-11-06 22:08:46 DEBUG Send: packetType.RTTSUM 1091897511295211325 to node1 at attempt 2
2018-11-06 22:08:46 DEBUG Send: packetType.RTTSUM 1091673760678958909 to node3 at attempt 2
2018-11-06 22:08:47 DEBUG Send: packetType.RTTSUM 1091897511295211325 to node1 at attempt 3
2018-11-06 22:08:47 DEBUG Send: packetType.RTTSUM 1091673760678958909 to node3 at attempt 3
2018-11-06 22:08:48 INFO Node node1 exited the network
2018-11-06 22:08:51 INFO Heartbeat from node2:			
				# of active peer(s) in the network: 1 			
				peers: ['node1'] 			
 				Hub: {node2}
2018-11-06 22:08:52 DEBUG Send: packetType.RTTSUM 1101736491096364868 to node3 at attempt 1
2018-11-06 22:08:52 DEBUG Send: packetType.RTTSUM 1101941550014945092 to node1 at attempt 1
2018-11-06 22:08:53 DEBUG Send: packetType.RTTSUM 1101941550014945092 to node1 at attempt 2
2018-11-06 22:08:53 DEBUG Send: packetType.RTTSUM 1101736491096364868 to node3 at attempt 2
2018-11-06 22:08:54 DEBUG Send: packetType.RTTSUM 1101941550014945092 to node1 at attempt 3
2018-11-06 22:08:54 DEBUG Send: packetType.RTTSUM 1101736491096364868 to node3 at attempt 3
2018-11-06 22:08:58 INFO Heartbeat from node2:			
				# of active peer(s) in the network: 0 			
				peers: [] 			
 				Hub: {node2}
2018-11-06 22:08:58 WARNING Attempt to contact POC with 5 more tries
2018-11-06 22:08:58 DEBUG Send: packetType.KNOCKKNOCK 1114392969443694410 to node1 at attempt 1
2018-11-06 22:08:59 DEBUG Send: packetType.KNOCKKNOCK 1114392969443694410 to node1 at attempt 2
2018-11-06 22:09:00 DEBUG Send: packetType.KNOCKKNOCK 1114392969443694410 to node1 at attempt 3
2018-11-06 22:09:01 WARNING Attempt to contact POC with 4 more tries
2018-11-06 22:09:01 DEBUG Send: packetType.KNOCKKNOCK 1151088620264904525 to node1 at attempt 1
2018-11-06 22:09:02 DEBUG Send: packetType.KNOCKKNOCK 1151088620264904525 to node1 at attempt 2
2018-11-06 22:09:03 DEBUG Send: packetType.KNOCKKNOCK 1151088620264904525 to node1 at attempt 3
2018-11-06 22:09:04 WARNING Attempt to contact POC with 3 more tries
2018-11-06 22:09:04 DEBUG Send: packetType.KNOCKKNOCK 1189630351109150544 to node1 at attempt 1
2018-11-06 22:09:05 DEBUG Send: packetType.KNOCKKNOCK 1189630351109150544 to node1 at attempt 2
2018-11-06 22:09:06 DEBUG Send: packetType.KNOCKKNOCK 1189630351109150544 to node1 at attempt 3
2018-11-06 22:09:07 WARNING Attempt to contact POC with 2 more tries
2018-11-06 22:09:07 DEBUG Send: packetType.KNOCKKNOCK 1223289150814443347 to node1 at attempt 1
2018-11-06 22:09:08 DEBUG Send: packetType.KNOCKKNOCK 1223289150814443347 to node1 at attempt 2
2018-11-06 22:09:09 DEBUG Send: packetType.KNOCKKNOCK 1223289150814443347 to node1 at attempt 3
2018-11-06 22:09:10 WARNING Attempt to contact POC with 1 more tries
2018-11-06 22:09:10 DEBUG Send: packetType.KNOCKKNOCK 1256629092147681110 to node1 at attempt 1
2018-11-06 22:09:11 DEBUG Send: packetType.KNOCKKNOCK 1256629092147681110 to node1 at attempt 2
2018-11-06 22:09:12 DEBUG Send: packetType.KNOCKKNOCK 1256629092147681110 to node1 at attempt 3
2018-11-06 22:09:13 CRITICAL Could not established connection with other nodes. Exiting...
2018-11-06 22:09:13 DEBUG Send: packetType.TERMINATE 1289962436411152217 to node2
2018-11-06 22:09:13 DEBUG Listener exiting
2018-11-06 22:09:13 DEBUG Sender exiting
