2018-11-06 21:47:53 DEBUG socket created successfully at port 1222
2018-11-06 21:47:53 DEBUG Listener worker started.
2018-11-06 21:47:53 DEBUG Sender worker started.
2018-11-06 21:47:53 WARNING Attempt to contact POC with 5 more tries
2018-11-06 21:47:53 DEBUG Send: packetType.KNOCKKNOCK 1723748910626919001 to POC at attempt 1
2018-11-06 21:47:54 DEBUG Send: packetType.KNOCKKNOCK 1723748910626919001 to POC at attempt 2
2018-11-06 21:47:55 DEBUG Send: packetType.KNOCKKNOCK 1723748910626919001 to POC at attempt 3
2018-11-06 21:47:56 WARNING Attempt to contact POC with 4 more tries
2018-11-06 21:47:56 DEBUG Send: packetType.KNOCKKNOCK 1753697408344281692 to POC at attempt 1
2018-11-06 21:47:57 DEBUG Send: packetType.KNOCKKNOCK 1753697408344281692 to POC at attempt 2
2018-11-06 21:47:57 DEBUG Received packetType.KNOCKKNOCK 1761119661587583581 with payload=[None] from node1
2018-11-06 21:47:57 DEBUG Send: packetType.ACK 1763264259017560669 to node1
2018-11-06 21:47:57 DEBUG Received packetType.ACK 1761262598099194461 with payload=[1753697408344281692] from node1
2018-11-06 21:47:57 DEBUG Send: packetType.KNOCKRPLY 1764133422959317597 to node2 at attempt 1
2018-11-06 21:47:57 DEBUG Send: packetType.KNOCKRPLY 1764839309424349789 to node1 at attempt 1
2018-11-06 21:47:57 INFO Node node1 joined the network
2018-11-06 21:47:57 DEBUG Received packetType.KNOCKRPLY 1764133422959317597 with payload=[{'192.168.1.641111': {'name': 'node1', 'port': 1111, 'host': '192.168.1.64'}}] from node2
2018-11-06 21:47:57 DEBUG Send: packetType.ACK 1770149400830693981 to node2
2018-11-06 21:47:57 DEBUG Received packetType.KNOCKRPLY 1764419295982539357 with payload=[{'192.168.1.641222': {'host': '192.168.1.64', 'port': 1222, 'name': 'node2'}}] from node1
2018-11-06 21:47:57 DEBUG Send: packetType.ACK 1773057059330347613 to node1
2018-11-06 21:47:57 DEBUG Received packetType.KNOCKRPLY 1764449532552303197 with payload=[{'192.168.1.641111': {'host': '192.168.1.64', 'port': 1111, 'name': 'node1'}, '192.168.1.641444': {'host': '192.168.1.64', 'port': 1444, 'name': 'node3'}, '192.168.1.641222': {'host': '192.168.1.64', 'port': 1222, 'name': 'node2'}}] from node1
2018-11-06 21:47:57 DEBUG Send: packetType.ACK 1774620564865045085 to node1
2018-11-06 21:47:58 DEBUG Send: packetType.KNOCKRPLY 1764133422959317597 to node2 at attempt 2
2018-11-06 21:47:58 DEBUG Send: packetType.KNOCKRPLY 1764839309424349789 to node1 at attempt 2
2018-11-06 21:47:59 DEBUG Send: packetType.KNOCKRPLY 1764839309424349789 to node1 at attempt 3
2018-11-06 21:47:59 DEBUG Send: packetType.KNOCKRPLY 1764133422959317597 to node2 at attempt 3
