2018-11-06 21:47:57 DEBUG socket created successfully at port 1111
2018-11-06 21:47:57 DEBUG Listener worker started.
2018-11-06 21:47:57 DEBUG Sender worker started.
2018-11-06 21:47:57 WARNING Exiting in 20 seconds if no peers emerge
2018-11-06 21:47:57 INFO Node node3 joined the network
2018-11-06 21:47:57 DEBUG Received packetType.KNOCKKNOCK 1584877293503926875 with payload=[None] from node3
2018-11-06 21:47:57 DEBUG Send: packetType.KNOCKKNOCK 1601108284153156189 to node3 at attempt 1
2018-11-06 21:47:57 DEBUG Received packetType.ACK 1603879603210965597 with payload=[1601108284153156189] from node3
2018-11-06 21:47:57 DEBUG Send: packetType.ACK 1601278708455461469 to node3
2018-11-06 21:47:57 DEBUG Send: packetType.KNOCKRPLY 1601770190153077341 to node1 at attempt 1
2018-11-06 21:47:57 DEBUG Send: packetType.KNOCKRPLY 1601822966711210589 to node3 at attempt 1
2018-11-06 21:47:57 DEBUG Send: packetType.KNOCKRPLY 1601880691071668829 to node3 at attempt 1
2018-11-06 21:47:57 DEBUG Received packetType.KNOCKRPLY 1601770190153077341 with payload=[{'192.168.1.641444': {'host': '192.168.1.64', 'name': 'node3', 'port': 1444}}] from node1
2018-11-06 21:47:57 DEBUG Send: packetType.ACK 1609748246524219997 to node1
2018-11-06 21:47:57 DEBUG Received packetType.KNOCKRPLY 1605597590129365597 with payload=[{'192.168.1.641444': {'host': '192.168.1.64', 'name': 'node3', 'port': 1444}}] from node3
2018-11-06 21:47:57 DEBUG Send: packetType.ACK 1610792782570607197 to node3
2018-11-06 21:47:57 DEBUG Received packetType.ACK 1609748246524219997 with payload=[1601770190153077341] from node1
2018-11-06 21:47:57 DEBUG Received packetType.ACK 1611007187338023517 with payload=[1601822966711210589] from node3
2018-11-06 21:47:57 DEBUG Received packetType.ACK 1613024791174992477 with payload=[1601880691071668829] from node3
2018-11-06 21:47:57 INFO Node node2 joined the network
2018-11-06 21:47:57 DEBUG Received packetType.KNOCKKNOCK 1753697408344281692 with payload=[None] from node2
2018-11-06 21:47:57 DEBUG Send: packetType.KNOCKKNOCK 1761119661587583581 to node2 at attempt 1
2018-11-06 21:47:57 DEBUG Send: packetType.ACK 1761262598099194461 to node2
2018-11-06 21:47:57 DEBUG Received packetType.ACK 1763264259017560669 with payload=[1761119661587583581] from node2
2018-11-06 21:47:57 DEBUG Send: packetType.KNOCKRPLY 1762540230610670173 to node1 at attempt 1
2018-11-06 21:47:57 DEBUG Send: packetType.KNOCKRPLY 1764378064296497757 to node3 at attempt 1
2018-11-06 21:47:57 DEBUG Send: packetType.KNOCKRPLY 1764419295982539357 to node2 at attempt 1
2018-11-06 21:47:57 DEBUG Send: packetType.KNOCKRPLY 1764449532552303197 to node2 at attempt 1
2018-11-06 21:47:57 DEBUG Received packetType.KNOCKRPLY 1762540230610670173 with payload=[{'192.168.1.641222': {'host': '192.168.1.64', 'name': 'node2', 'port': 1222}}] from node1
2018-11-06 21:47:57 DEBUG Send: packetType.ACK 1771888278470021725 to node1
2018-11-06 21:47:57 DEBUG Received packetType.KNOCKRPLY 1764839309424349789 with payload=[{'192.168.1.641222': {'host': '192.168.1.64', 'name': 'node2', 'port': 1222}}] from node2
2018-11-06 21:47:57 DEBUG Send: packetType.ACK 1773292354818691677 to node2
2018-11-06 21:47:57 DEBUG Received packetType.ACK 1767841525923992157 with payload=[1764378064296497757] from node3
2018-11-06 21:47:57 DEBUG Received packetType.ACK 1771888278470021725 with payload=[1762540230610670173] from node1
2018-11-06 21:47:57 DEBUG Received packetType.ACK 1773057059330347613 with payload=[1764419295982539357] from node2
2018-11-06 21:47:57 DEBUG Received packetType.ACK 1774620564865045085 with payload=[1764449532552303197] from node2
2018-11-06 21:47:58 DEBUG Received packetType.KNOCKRPLY 1764839309424349789 with payload=[{'192.168.1.641222': {'host': '192.168.1.64', 'name': 'node2', 'port': 1222}}] from node2
2018-11-06 21:47:58 DEBUG Send: packetType.ACK 1779543628178412126 to node2
2018-11-06 21:47:59 DEBUG Received packetType.KNOCKRPLY 1764839309424349789 with payload=[{'192.168.1.641222': {'host': '192.168.1.64', 'name': 'node2', 'port': 1222}}] from node2
2018-11-06 21:47:59 DEBUG Send: packetType.ACK 1783067013189620319 to node2
2018-11-06 21:48:00 DEBUG Send: packetType.RTTSUM 1609432136931234400 to node3 at attempt 1
2018-11-06 21:48:00 DEBUG Send: packetType.RTTSUM 1609644342675395168 to node2 at attempt 1
2018-11-06 21:48:01 DEBUG Send: packetType.RTTSUM 1609432136931234400 to node3 at attempt 2
2018-11-06 21:48:01 DEBUG Send: packetType.RTTSUM 1609644342675395168 to node2 at attempt 2
2018-11-06 21:48:02 DEBUG Send: packetType.RTTSUM 1609432136931234400 to node3 at attempt 3
2018-11-06 21:48:02 DEBUG Send: packetType.RTTSUM 1609644342675395168 to node2 at attempt 3
2018-11-06 21:48:03 INFO Node node3 exited the network
2018-11-06 21:48:03 INFO Node node2 exited the network
2018-11-06 21:48:04 INFO Heartbeat from node1 with RTTSUM: 0.011885			
				# of active peer(s) in the network: 3 			
				peers: ['node1', 'node3', 'node2'] 			
 				Hub: {node1}
2018-11-06 21:48:05 DEBUG Send: packetType.RTTSUM 1618508055662711397 to node3 at attempt 1
2018-11-06 21:48:05 DEBUG Send: packetType.RTTSUM 1618761493092913765 to node2 at attempt 1
2018-11-06 21:48:06 DEBUG Send: packetType.RTTSUM 1618508055662711397 to node3 at attempt 2
2018-11-06 21:48:06 DEBUG Send: packetType.RTTSUM 1618761493092913765 to node2 at attempt 2
2018-11-06 21:48:07 DEBUG Send: packetType.RTTSUM 1618761493092913765 to node2 at attempt 3
2018-11-06 21:48:07 DEBUG Send: packetType.RTTSUM 1618508055662711397 to node3 at attempt 3
2018-11-06 21:48:09 INFO Heartbeat from node1 with RTTSUM: 0.004903			
				# of active peer(s) in the network: 1 			
				peers: ['node1'] 			
 				Hub: {node1}
2018-11-06 21:48:10 DEBUG Send: packetType.RTTSUM 1628515260742914666 to node3 at attempt 1
2018-11-06 21:48:10 DEBUG Send: packetType.RTTSUM 1628653799208014442 to node2 at attempt 1
