2018-11-06 21:22:25 DEBUG socket created successfully at port 1222
2018-11-06 21:22:25 DEBUG Listener worker started.
2018-11-06 21:22:25 DEBUG Sender worker started.
2018-11-06 21:22:25 WARNING Attempt to contact POC with 5 more tries
2018-11-06 21:22:25 DEBUG recipient = POC
2018-11-06 21:22:25 DEBUG Send: packetType.KNOCKKNOCK 1099456103980354657 to POC at attempt 1
2018-11-06 21:22:26 DEBUG recipient = POC
2018-11-06 21:22:26 DEBUG Send: packetType.KNOCKKNOCK 1099456103980354657 to POC at attempt 2
2018-11-06 21:22:27 DEBUG recipient = POC
2018-11-06 21:22:27 DEBUG Send: packetType.KNOCKKNOCK 1099456103980354657 to POC at attempt 3
2018-11-06 21:22:28 DEBUG recipient = POC
2018-11-06 21:22:28 WARNING Attempt to contact POC with 4 more tries
2018-11-06 21:22:28 DEBUG recipient = POC
2018-11-06 21:22:28 DEBUG Send: packetType.KNOCKKNOCK 1125876268884184164 to POC at attempt 1
2018-11-06 21:22:29 DEBUG recipient = POC
2018-11-06 21:22:29 DEBUG Send: packetType.KNOCKKNOCK 1125876268884184164 to POC at attempt 2
2018-11-06 21:22:30 DEBUG recipient = POC
2018-11-06 21:22:30 DEBUG Send: packetType.KNOCKKNOCK 1125876268884184164 to POC at attempt 3
2018-11-06 21:22:31 DEBUG recipient = POC
2018-11-06 21:22:31 WARNING Attempt to contact POC with 3 more tries
2018-11-06 21:22:31 DEBUG recipient = POC
2018-11-06 21:22:31 DEBUG Send: packetType.KNOCKKNOCK 1181484069458955367 to POC at attempt 1
2018-11-06 21:22:32 DEBUG recipient = POC
2018-11-06 21:22:32 DEBUG Send: packetType.KNOCKKNOCK 1181484069458955367 to POC at attempt 2
2018-11-06 21:22:33 DEBUG recipient = POC
2018-11-06 21:22:33 DEBUG Send: packetType.KNOCKKNOCK 1181484069458955367 to POC at attempt 3
2018-11-06 21:22:34 DEBUG recipient = POC
2018-11-06 21:22:34 WARNING Attempt to contact POC with 2 more tries
2018-11-06 21:22:34 DEBUG recipient = POC
2018-11-06 21:22:34 DEBUG Send: packetType.KNOCKKNOCK 1227319410686053482 to POC at attempt 1
2018-11-06 21:22:35 DEBUG recipient = POC
2018-11-06 21:22:35 DEBUG Send: packetType.KNOCKKNOCK 1227319410686053482 to POC at attempt 2
2018-11-06 21:22:36 DEBUG recipient = POC
2018-11-06 21:22:36 DEBUG Send: packetType.KNOCKKNOCK 1227319410686053482 to POC at attempt 3
2018-11-06 21:22:37 DEBUG recipient = POC
2018-11-06 21:22:37 WARNING Attempt to contact POC with 1 more tries
2018-11-06 21:22:37 DEBUG recipient = POC
2018-11-06 21:22:37 DEBUG Send: packetType.KNOCKKNOCK 1261208558077365357 to POC at attempt 1
2018-11-06 21:22:38 DEBUG recipient = POC
2018-11-06 21:22:38 DEBUG Send: packetType.KNOCKKNOCK 1261208558077365357 to POC at attempt 2
2018-11-06 21:22:39 DEBUG recipient = POC
2018-11-06 21:22:39 DEBUG Send: packetType.KNOCKKNOCK 1261208558077365357 to POC at attempt 3
2018-11-06 21:22:40 DEBUG recipient = POC
2018-11-06 21:22:40 CRITICAL Could not established connection with other nodes. Exiting...
2018-11-06 21:22:40 DEBUG recipient = secondnode
2018-11-06 21:22:40 DEBUG Send: packetType.TERMINATE 1292455029271317616 to secondnode
2018-11-06 21:22:40 DEBUG Listener exiting
2018-11-06 21:22:40 DEBUG Sender exiting
