2018-11-06 21:21:02 DEBUG socket created successfully at port 1222
2018-11-06 21:21:02 DEBUG Listener worker started.
2018-11-06 21:21:02 DEBUG Sender worker started.
2018-11-06 21:21:02 WARNING Attempt to contact POC with 5 more tries
2018-11-06 21:21:02 DEBUG recipient = POC
2018-11-06 21:21:02 DEBUG Send: packetType.KNOCKKNOCK 948953303102934030 to POC at attempt 1
2018-11-06 21:21:03 DEBUG recipient = POC
2018-11-06 21:21:03 DEBUG Send: packetType.KNOCKKNOCK 948953303102934030 to POC at attempt 2
2018-11-06 21:21:04 DEBUG recipient = POC
2018-11-06 21:21:04 DEBUG Send: packetType.KNOCKKNOCK 948953303102934030 to POC at attempt 3
2018-11-06 21:21:05 DEBUG recipient = POC
2018-11-06 21:21:05 WARNING Attempt to contact POC with 4 more tries
2018-11-06 21:21:05 DEBUG recipient = POC
2018-11-06 21:21:05 DEBUG Send: packetType.KNOCKKNOCK 981592855529278481 to POC at attempt 1
2018-11-06 21:21:06 DEBUG recipient = POC
2018-11-06 21:21:06 DEBUG Send: packetType.KNOCKKNOCK 981592855529278481 to POC at attempt 2
2018-11-06 21:21:07 DEBUG recipient = POC
2018-11-06 21:21:07 DEBUG Send: packetType.KNOCKKNOCK 981592855529278481 to POC at attempt 3
2018-11-06 21:21:07 DEBUG Received packetType.KNOCKKNOCK 1011561694211755027 with payload=[None] from firstnode
2018-11-06 21:21:07 DEBUG recipient = firstnode
