2018-11-06 21:40:17 DEBUG socket created successfully at port 1222
2018-11-06 21:40:17 DEBUG Listener worker started.
2018-11-06 21:40:17 DEBUG Sender worker started.
2018-11-06 21:40:17 WARNING Attempt to contact POC with 5 more tries
2018-11-06 21:40:17 DEBUG Send: packetType.KNOCKKNOCK 2202444387523383441 to POC at attempt 1
2018-11-06 21:40:17 DEBUG Received packetType.KNOCKKNOCK 2205236597302120593 with payload=[None] from firstnode
2018-11-06 21:40:17 DEBUG Send: packetType.ACK 2206823192581001361 to firstnode
2018-11-06 21:40:17 DEBUG Received packetType.ACK 2205365789918384273 with payload=[2202444387523383441] from firstnode
2018-11-06 21:40:17 DEBUG Send: packetType.KNOCKRPLY 2207443317139067025 to secondnode at attempt 1
2018-11-06 21:40:17 DEBUG Send: packetType.KNOCKRPLY 2207973831499468945 to firstnode at attempt 1
2018-11-06 21:40:17 INFO Node firstnode joined the network
2018-11-06 21:40:17 DEBUG Received packetType.KNOCKRPLY 2206341056732221585 with payload=[{'192.168.1.641222': {'name': 'secondnode', 'port': 1222, 'host': '192.168.1.64'}}] from firstnode
2018-11-06 21:40:17 DEBUG Received packetType.KNOCKRPLY 2207443317139067025 with payload=[{'192.168.1.641111': {'name': 'firstnode', 'port': 1111, 'host': '192.168.1.64'}}] from secondnode
2018-11-06 21:40:17 DEBUG Received packetType.KNOCKRPLY 2207454862011158673 with payload=[{'192.168.1.641111': {'name': 'firstnode', 'port': 1111, 'host': '192.168.1.64'}, '192.168.1.641222': {'name': 'secondnode', 'port': 1222, 'host': '192.168.1.64'}}] from firstnode
2018-11-06 21:40:17 DEBUG Send: packetType.ACK 2212638509580308625 to firstnode
2018-11-06 21:40:17 DEBUG Received packetType.ACK 2213881507475509393 with payload=[2207973831499468945] from firstnode
2018-11-06 21:40:17 DEBUG Send: packetType.ACK 2213221800498843793 to secondnode
2018-11-06 21:40:17 DEBUG Send: packetType.ACK 2213754513882501265 to firstnode
2018-11-06 21:40:17 DEBUG Received packetType.ACK 2213221800498843793 with payload=[2207443317139067025] from secondnode
2018-11-06 21:40:20 DEBUG Received packetType.RTTSUM 2221017887695589524 with payload=[0.019505977630615234] from firstnode
2018-11-06 21:40:20 DEBUG Send: packetType.ACK 2222618226869817492 to firstnode
2018-11-06 21:40:20 DEBUG Send: packetType.RTTSUM 2243746442309161108 to firstnode at attempt 1
2018-11-06 21:40:20 DEBUG Received packetType.ACK 2245649147181027476 with payload=[2243746442309161108] from firstnode
2018-11-06 21:40:24 DEBUG Heartbeat from secondnode with RTTSUM: 0.024007			
				# of active peer(s) in the network: 2 			
				peers: ['firstnode', 'secondnode'] 			
 				Hub: {secondnode}
2018-11-06 21:40:25 DEBUG Received packetType.RTTSUM 2226584165311205529 with payload=[0.00949716567993164] from firstnode
2018-11-06 21:40:25 DEBUG Send: packetType.ACK 2228497865299349657 to firstnode
2018-11-06 21:40:25 DEBUG Send: packetType.RTTSUM 2251252258436173977 to firstnode at attempt 1
2018-11-06 21:40:25 DEBUG Received packetType.ACK 2253198394017337497 with payload=[2251252258436173977] from firstnode
2018-11-06 21:40:26 INFO Received [message] from firstnode.
2018-11-06 21:40:26 DEBUG Send: packetType.ACK 2282145786397610138 to firstnode
2018-11-06 21:40:29 DEBUG Heartbeat from secondnode with RTTSUM: 0.013821			
				# of active peer(s) in the network: 2 			
				peers: ['firstnode', 'secondnode'] 			
 				Hub: {secondnode}
2018-11-06 21:40:30 DEBUG Received packetType.RTTSUM 2236347278810042526 with payload=[0.0035359859466552734] from firstnode
2018-11-06 21:40:30 DEBUG Send: packetType.ACK 2242902567134843038 to firstnode
2018-11-06 21:40:30 DEBUG Send: packetType.RTTSUM 2259274295272427678 to firstnode at attempt 1
2018-11-06 21:40:30 DEBUG Received packetType.ACK 2261100584086163614 with payload=[2259274295272427678] from firstnode
2018-11-06 21:40:34 DEBUG Heartbeat from secondnode with RTTSUM: 0.013798			
				# of active peer(s) in the network: 2 			
				peers: ['firstnode', 'secondnode'] 			
 				Hub: {secondnode}
2018-11-06 21:40:35 DEBUG Received packetType.RTTSUM 2251899870784934051 with payload=[0.0045108795166015625] from firstnode
2018-11-06 21:40:35 DEBUG Send: packetType.ACK 2255273722214764707 to firstnode
2018-11-06 21:40:35 DEBUG Send: packetType.RTTSUM 2269362314457272483 to firstnode at attempt 1
2018-11-06 21:40:35 DEBUG Received packetType.ACK 2271232033980305571 with payload=[2269362314457272483] from firstnode
2018-11-06 21:40:39 DEBUG Heartbeat from secondnode with RTTSUM: 0.013648			
				# of active peer(s) in the network: 2 			
				peers: ['firstnode', 'secondnode'] 			
 				Hub: {secondnode}
2018-11-06 21:40:40 DEBUG Received packetType.RTTSUM 2263503016992854184 with payload=[0.003565073013305664] from firstnode
2018-11-06 21:40:40 DEBUG Send: packetType.ACK 2265458498422853800 to firstnode
2018-11-06 21:40:40 DEBUG Send: packetType.RTTSUM 2281101250351222952 to firstnode at attempt 1
2018-11-06 21:40:40 DEBUG Received packetType.ACK 2282464095013851304 with payload=[2281101250351222952] from firstnode
