2018-11-06 21:31:49 DEBUG socket created successfully at port 1222
2018-11-06 21:31:49 DEBUG Listener worker started.
2018-11-06 21:31:49 DEBUG Sender worker started.
2018-11-06 21:31:49 WARNING Attempt to contact POC with 5 more tries
2018-11-06 21:31:49 DEBUG Send: packetType.KNOCKKNOCK 1895571241966915221 to POC at attempt 1
2018-11-06 21:31:50 DEBUG Send: packetType.KNOCKKNOCK 1895571241966915221 to POC at attempt 2
2018-11-06 21:31:51 DEBUG Send: packetType.KNOCKKNOCK 1895571241966915221 to POC at attempt 3
2018-11-06 21:31:52 WARNING Attempt to contact POC with 4 more tries
2018-11-06 21:31:52 DEBUG Send: packetType.KNOCKKNOCK 1917847897301470872 to POC at attempt 1
2018-11-06 21:31:53 DEBUG Send: packetType.KNOCKKNOCK 1917847897301470872 to POC at attempt 2
2018-11-06 21:31:54 DEBUG Send: packetType.KNOCKKNOCK 1917847897301470872 to POC at attempt 3
2018-11-06 21:31:54 DEBUG Received packetType.KNOCKKNOCK 1936386762857402010 with payload=[None] from firstnode
2018-11-06 21:31:54 DEBUG Send: packetType.ACK 1938932682031517338 to firstnode
2018-11-06 21:31:54 DEBUG Received packetType.ACK 1936548391066685082 with payload=[1917847897301470872] from firstnode
2018-11-06 21:31:54 DEBUG Send: packetType.KNOCKRPLY 1940714990380142234 to secondnode at attempt 1
2018-11-06 21:31:54 DEBUG Send: packetType.KNOCKRPLY 1941526979717254810 to firstnode at attempt 1
2018-11-06 21:31:54 INFO Node firstnode joined the network
2018-11-06 21:31:54 DEBUG Received packetType.KNOCKRPLY 1940714990380142234 with payload=[{'192.168.1.641111': {'host': '192.168.1.64', 'port': 1111, 'name': 'firstnode'}}] from secondnode
2018-11-06 21:31:54 DEBUG Send: packetType.ACK 1947238392867737242 to secondnode
2018-11-06 21:31:54 DEBUG Received packetType.KNOCKRPLY 1940590745566203546 with payload=[{'192.168.1.641222': {'host': '192.168.1.64', 'port': 1222, 'name': 'secondnode'}}] from firstnode
2018-11-06 21:31:54 DEBUG Send: packetType.ACK 1950793663716150938 to firstnode
2018-11-06 21:31:54 DEBUG Received packetType.KNOCKRPLY 1940699047461539482 with payload=[{'192.168.1.641111': {'host': '192.168.1.64', 'port': 1111, 'name': 'firstnode'}, '192.168.1.641222': {'host': '192.168.1.64', 'port': 1222, 'name': 'secondnode'}}] from firstnode
2018-11-06 21:31:54 DEBUG Send: packetType.ACK 1952687022739181210 to firstnode
2018-11-06 21:31:54 DEBUG Received packetType.ACK 1947238392867737242 with payload=[1940714990380142234] from secondnode
2018-11-06 21:31:54 DEBUG Received packetType.ACK 1949629280902336154 with payload=[1941526979717254810] from firstnode
2018-11-06 21:31:55 DEBUG Send: packetType.RTTSUM 1956752466982882971 to firstnode at attempt 1
2018-11-06 21:31:55 DEBUG Received packetType.RTTSUM 1956782153796832923 with payload=[0.008826971054077148] from firstnode
2018-11-06 21:31:55 DEBUG Send: packetType.ACK 1961241772959092379 to firstnode
2018-11-06 21:31:55 DEBUG Received packetType.ACK 1960107076959227547 with payload=[1956752466982882971] from firstnode
2018-11-06 21:32:00 DEBUG Send: packetType.RTTSUM 1965931739807370912 to firstnode at attempt 1
2018-11-06 21:32:00 DEBUG Received packetType.ACK 1969056002097696416 with payload=[1965931739807370912] from firstnode
2018-11-06 21:32:00 DEBUG Received packetType.RTTSUM 1971474927678803616 with payload=[0.00847005844116211] from firstnode
2018-11-06 21:32:00 DEBUG Send: packetType.ACK 1973861417666891424 to firstnode
2018-11-06 21:32:05 DEBUG Send: packetType.RTTSUM 1977631643038535333 to firstnode at attempt 1
2018-11-06 21:32:05 DEBUG Received packetType.ACK 1979409553340649125 with payload=[1977631643038535333] from firstnode
2018-11-06 21:32:05 DEBUG Received packetType.RTTSUM 1984837292491165349 with payload=[0.006332874298095703] from firstnode
2018-11-06 21:32:05 DEBUG Send: packetType.ACK 1986354618537496229 to firstnode
