2018-11-06 21:27:19 DEBUG socket created successfully at port 1222
2018-11-06 21:27:19 DEBUG Listener worker started.
2018-11-06 21:27:19 DEBUG Sender worker started.
2018-11-06 21:27:19 WARNING Attempt to contact POC with 5 more tries
2018-11-06 21:27:19 DEBUG Send: packetType.KNOCKKNOCK 73049355067739527 to POC at attempt 1
2018-11-06 21:27:20 DEBUG Send: packetType.KNOCKKNOCK 73049355067739527 to POC at attempt 2
2018-11-06 21:27:21 DEBUG Send: packetType.KNOCKKNOCK 73049355067739527 to POC at attempt 3
2018-11-06 21:27:22 WARNING Attempt to contact POC with 4 more tries
2018-11-06 21:27:22 DEBUG Send: packetType.KNOCKKNOCK 104885714249993610 to POC at attempt 1
2018-11-06 21:27:23 DEBUG Send: packetType.KNOCKKNOCK 104885714249993610 to POC at attempt 2
2018-11-06 21:27:23 DEBUG Received packetType.KNOCKKNOCK 117093042097376651 with payload=[None] from firstnode
2018-11-06 21:27:23 DEBUG Send: packetType.ACK 119634013469166987 to firstnode
2018-11-06 21:27:23 DEBUG Received packetType.ACK 117365171225251211 with payload=[104885714249993610] from firstnode
2018-11-06 21:27:23 DEBUG Send: packetType.KNOCKRPLY 121372891108494731 to secondnode at attempt 1
2018-11-06 21:27:23 DEBUG Send: packetType.KNOCKRPLY 121898457666571659 to firstnode at attempt 1
2018-11-06 21:27:23 INFO Node firstnode joined the network
2018-11-06 21:27:23 DEBUG Received packetType.KNOCKRPLY 121372891108494731 with payload=[{'192.168.1.641111': {'port': 1111, 'name': 'firstnode', 'host': '192.168.1.64'}}] from secondnode
2018-11-06 21:27:23 DEBUG Send: packetType.ACK 127169516410129803 to secondnode
2018-11-06 21:27:23 DEBUG Received packetType.KNOCKRPLY 119255781469212043 with payload=[{'192.168.1.641222': {'port': 1222, 'name': 'secondnode', 'host': '192.168.1.64'}}] from firstnode
2018-11-06 21:27:23 DEBUG Send: packetType.ACK 130063431014436235 to firstnode
2018-11-06 21:27:23 DEBUG Received packetType.KNOCKRPLY 121538917364288907 with payload=[{'192.168.1.641222': {'port': 1222, 'name': 'secondnode', 'host': '192.168.1.64'}, '192.168.1.641111': {'port': 1111, 'name': 'firstnode', 'host': '192.168.1.64'}}] from firstnode
2018-11-06 21:27:23 DEBUG Received packetType.ACK 127169516410129803 with payload=[121372891108494731] from secondnode
2018-11-06 21:27:23 DEBUG Send: packetType.ACK 131963387107233163 to firstnode
2018-11-06 21:27:23 DEBUG Received packetType.ACK 128370732863475083 with payload=[121898457666571659] from firstnode
2018-11-06 21:27:25 DEBUG Send: packetType.RTTSUM 137412016978677133 to firstnode at attempt 1
2018-11-06 21:27:25 DEBUG Received packetType.RTTSUM 135579131095174541 with payload=[0.007176876068115234] from firstnode
2018-11-06 21:27:25 DEBUG Send: packetType.ACK 139182780455210381 to firstnode
2018-11-06 21:27:25 DEBUG Received packetType.ACK 140289988664380813 with payload=[137412016978677133] from firstnode
2018-11-06 21:27:30 DEBUG Send: packetType.RTTSUM 147497837140266386 to firstnode at attempt 1
2018-11-06 21:27:30 DEBUG Received packetType.RTTSUM 147497837140266386 with payload=[0.006971120834350586] from firstnode
2018-11-06 21:27:30 DEBUG Send: packetType.ACK 150693567686397330 to firstnode
2018-11-06 21:27:30 DEBUG Received packetType.ACK 150378007849225618 with payload=[147497837140266386] from firstnode
2018-11-06 21:27:35 DEBUG Send: packetType.RTTSUM 159661184522538391 to firstnode at attempt 1
2018-11-06 21:27:35 DEBUG Received packetType.RTTSUM 159626549906263447 with payload=[0.006479024887084961] from firstnode
2018-11-06 21:27:35 DEBUG Received packetType.ACK 162737068301241751 with payload=[159661184522538391] from firstnode
2018-11-06 21:27:35 DEBUG Send: packetType.ACK 162207103696653719 to firstnode
