2018-11-06 21:39:01 DEBUG socket created successfully at port 1222
2018-11-06 21:39:01 DEBUG Listener worker started.
2018-11-06 21:39:01 DEBUG Sender worker started.
2018-11-06 21:39:01 WARNING Attempt to contact POC with 5 more tries
2018-11-06 21:39:01 DEBUG Send: packetType.KNOCKKNOCK 2219922774114324549 to POC at attempt 1
2018-11-06 21:39:02 DEBUG Send: packetType.KNOCKKNOCK 2219922774114324549 to POC at attempt 2
2018-11-06 21:39:03 DEBUG Send: packetType.KNOCKKNOCK 2219922774114324549 to POC at attempt 3
2018-11-06 21:39:04 WARNING Attempt to contact POC with 4 more tries
2018-11-06 21:39:04 DEBUG Send: packetType.KNOCKKNOCK 2254501315296251976 to POC at attempt 1
2018-11-06 21:39:05 DEBUG Send: packetType.KNOCKKNOCK 2254501315296251976 to POC at attempt 2
2018-11-06 21:39:05 DEBUG Received packetType.KNOCKKNOCK 2278820863235215433 with payload=[None] from firstnode
2018-11-06 21:39:05 DEBUG Send: packetType.ACK 2294320678651973705 to firstnode
2018-11-06 21:39:05 DEBUG Received packetType.ACK 2278945108049154121 with payload=[2254501315296251976] from firstnode
2018-11-06 21:39:05 DEBUG Send: packetType.KNOCKRPLY 2295183245523963977 to secondnode at attempt 1
2018-11-06 21:39:06 DEBUG Send: packetType.KNOCKRPLY 2295259111826280521 to firstnode at attempt 1
2018-11-06 21:39:06 INFO Node firstnode joined the network
2018-11-06 21:39:06 DEBUG Received packetType.KNOCKRPLY 2295183245523963977 with payload=[{'192.168.1.641111': {'port': 1111, 'name': 'firstnode', 'host': '192.168.1.64'}}] from secondnode
2018-11-06 21:39:06 DEBUG Received packetType.KNOCKRPLY 2279927521688571977 with payload=[{'192.168.1.641222': {'port': 1222, 'name': 'secondnode', 'host': '192.168.1.64'}}] from firstnode
2018-11-06 21:39:06 DEBUG Send: packetType.ACK 6285909517553738 to secondnode
2018-11-06 21:39:06 DEBUG Send: packetType.ACK 7429401610440778 to firstnode
2018-11-06 21:39:06 DEBUG Received packetType.ACK 6285909517553738 with payload=[2295183245523963977] from secondnode
2018-11-06 21:39:06 DEBUG Received packetType.KNOCKRPLY 2279998989944377417 with payload=[{'192.168.1.641222': {'port': 1222, 'name': 'secondnode', 'host': '192.168.1.64'}, '192.168.1.641111': {'port': 1111, 'name': 'firstnode', 'host': '192.168.1.64'}}] from firstnode
2018-11-06 21:39:06 DEBUG Send: packetType.ACK 13655386202722378 to firstnode
2018-11-06 21:39:06 DEBUG Received packetType.ACK 13673528144580682 with payload=[2295259111826280521] from firstnode
2018-11-06 21:39:10 DEBUG Send: packetType.RTTSUM 29279446433419342 to firstnode at attempt 1
2018-11-06 21:39:10 DEBUG Received packetType.ACK 32579080828375118 with payload=[29279446433419342] from firstnode
2018-11-06 21:39:11 DEBUG Received packetType.RTTSUM 10196322621739087 with payload=[0.016768932342529297] from firstnode
2018-11-06 21:39:11 DEBUG Send: packetType.ACK 11997322668036175 to firstnode
2018-11-06 21:39:14 DEBUG Heartbeat from secondnode with RTTSUM: 0.019028			
				# of active peer(s) in the network: 2 			
				peers: ['secondnode', 'firstnode'] 			
 				Hub: {firstnode}
2018-11-06 21:39:15 DEBUG Send: packetType.RTTSUM 34343247235141715 to firstnode at attempt 1
2018-11-06 21:39:15 DEBUG Received packetType.ACK 36955686862737491 with payload=[34343247235141715] from firstnode
2018-11-06 21:39:16 DEBUG Received packetType.RTTSUM 18760418690486356 with payload=[0.012778997421264648] from firstnode
2018-11-06 21:39:16 DEBUG Send: packetType.ACK 21333825655296084 to firstnode
2018-11-06 21:39:19 DEBUG Heartbeat from secondnode with RTTSUM: 0.011627			
				# of active peer(s) in the network: 2 			
				peers: ['secondnode', 'firstnode'] 			
 				Hub: {firstnode}
2018-11-06 21:39:20 DEBUG Send: packetType.RTTSUM 47460970710323288 to firstnode at attempt 1
2018-11-06 21:39:20 DEBUG Received packetType.ACK 49942018698399832 with payload=[47460970710323288] from firstnode
2018-11-06 21:39:21 DEBUG Received packetType.RTTSUM 26010048608227417 with payload=[0.013358831405639648] from firstnode
2018-11-06 21:39:21 DEBUG Send: packetType.ACK 27981472956829785 to firstnode
2018-11-06 21:39:24 DEBUG Heartbeat from secondnode with RTTSUM: 0.011355			
				# of active peer(s) in the network: 2 			
				peers: ['secondnode', 'firstnode'] 			
 				Hub: {firstnode}
2018-11-06 21:39:25 DEBUG Send: packetType.RTTSUM 61135047069159517 to firstnode at attempt 1
2018-11-06 21:39:25 DEBUG Received packetType.ACK 63224119161933917 with payload=[61135047069159517] from firstnode
2018-11-06 21:39:26 DEBUG Received packetType.RTTSUM 34493330572333150 with payload=[0.012756109237670898] from firstnode
2018-11-06 21:39:26 DEBUG Send: packetType.ACK 36990321479012446 to firstnode
2018-11-06 21:39:29 DEBUG Heartbeat from secondnode with RTTSUM: 0.011478			
				# of active peer(s) in the network: 2 			
				peers: ['secondnode', 'firstnode'] 			
 				Hub: {firstnode}
2018-11-06 21:39:30 DEBUG Send: packetType.RTTSUM 71955890753917026 to firstnode at attempt 1
2018-11-06 21:39:31 DEBUG Send: packetType.RTTSUM 71955890753917026 to firstnode at attempt 2
2018-11-06 21:39:32 DEBUG Send: packetType.RTTSUM 71955890753917026 to firstnode at attempt 3
2018-11-06 21:39:33 INFO Node firstnode exited the network
2018-11-06 21:39:34 DEBUG Heartbeat from secondnode with RTTSUM: 0.010715			
				# of active peer(s) in the network: 2 			
				peers: ['secondnode', 'firstnode'] 			
 				Hub: {secondnode}
2018-11-06 21:39:35 DEBUG Send: packetType.RTTSUM 82556282357305447 to firstnode at attempt 1
2018-11-06 21:39:36 DEBUG Send: packetType.RTTSUM 82556282357305447 to firstnode at attempt 2
2018-11-06 21:39:37 DEBUG Send: packetType.RTTSUM 82556282357305447 to firstnode at attempt 3
2018-11-06 21:39:39 DEBUG Heartbeat from secondnode with RTTSUM: 0.009414			
				# of active peer(s) in the network: 1 			
				peers: ['secondnode'] 			
 				Hub: {secondnode}
2018-11-06 21:39:40 DEBUG Send: packetType.RTTSUM 94638815634935916 to firstnode at attempt 1
2018-11-06 21:39:41 DEBUG Send: packetType.RTTSUM 94638815634935916 to firstnode at attempt 2
2018-11-06 21:39:42 DEBUG Send: packetType.RTTSUM 94638815634935916 to firstnode at attempt 3
2018-11-06 21:39:44 DEBUG Heartbeat from secondnode with RTTSUM: 0.009414			
				# of active peer(s) in the network: 1 			
				peers: ['secondnode'] 			
 				Hub: {secondnode}
2018-11-06 21:39:45 DEBUG Send: packetType.RTTSUM 107710359621750897 to firstnode at attempt 1
2018-11-06 21:39:46 DEBUG Send: packetType.RTTSUM 107710359621750897 to firstnode at attempt 2
2018-11-06 21:39:47 DEBUG Send: packetType.RTTSUM 107710359621750897 to firstnode at attempt 3
