2018-11-06 21:42:43 DEBUG socket created successfully at port 1222
2018-11-06 21:42:43 DEBUG Listener worker started.
2018-11-06 21:42:43 DEBUG Sender worker started.
2018-11-06 21:42:43 WARNING Attempt to contact POC with 5 more tries
2018-11-06 21:42:43 DEBUG Send: packetType.KNOCKKNOCK 828828359233524003 to POC at attempt 1
2018-11-06 21:42:43 DEBUG Received packetType.KNOCKKNOCK 830647501221679395 with payload=[None] from firstnode
2018-11-06 21:42:43 DEBUG Send: packetType.ACK 831943275675013411 to firstnode
2018-11-06 21:42:43 DEBUG Received packetType.ACK 830751405070504227 with payload=[828828359233524003] from firstnode
2018-11-06 21:42:43 DEBUG Send: packetType.KNOCKRPLY 832441354442395939 to secondnode at attempt 1
2018-11-06 21:42:43 DEBUG Send: packetType.KNOCKRPLY 832847623988859171 to firstnode at attempt 1
2018-11-06 21:42:43 INFO Node firstnode joined the network
2018-11-06 21:42:43 DEBUG Received packetType.KNOCKRPLY 832441354442395939 with payload=[{'192.168.1.641111': {'host': '192.168.1.64', 'port': 1111, 'name': 'firstnode'}}] from secondnode
2018-11-06 21:42:43 DEBUG Send: packetType.ACK 836460619197731107 to secondnode
2018-11-06 21:42:43 DEBUG Received packetType.KNOCKRPLY 831502921268089123 with payload=[{'192.168.1.641222': {'host': '192.168.1.64', 'port': 1222, 'name': 'secondnode'}}] from firstnode
2018-11-06 21:42:43 DEBUG Send: packetType.ACK 837523846941790499 to firstnode
2018-11-06 21:42:43 DEBUG Received packetType.KNOCKRPLY 832561750965637411 with payload=[{'192.168.1.641111': {'host': '192.168.1.64', 'port': 1111, 'name': 'firstnode'}, '192.168.1.641222': {'host': '192.168.1.64', 'port': 1222, 'name': 'secondnode'}}] from firstnode
2018-11-06 21:42:43 DEBUG Send: packetType.ACK 839524958104342819 to firstnode
2018-11-06 21:42:43 DEBUG Received packetType.ACK 836460619197731107 with payload=[832441354442395939] from secondnode
2018-11-06 21:42:43 DEBUG Received packetType.ACK 837173102732529955 with payload=[832847623988859171] from firstnode
2018-11-06 21:42:45 DEBUG Send: packetType.RTTSUM 845070894754844965 to firstnode at attempt 1
2018-11-06 21:42:45 DEBUG Received packetType.RTTSUM 845065946952519973 with payload=[0.0039331912994384766] from firstnode
2018-11-06 21:42:45 DEBUG Send: packetType.ACK 848561844173033765 to firstnode
2018-11-06 21:42:45 DEBUG Received packetType.ACK 848421106684678437 with payload=[845070894754844965] from firstnode
2018-11-06 21:42:49 DEBUG Heartbeat from secondnode with RTTSUM: 0.006407			
				# of active peer(s) in the network: 2 			
				peers: ['firstnode', 'secondnode'] 			
 				Hub: {secondnode}
2018-11-06 21:42:50 DEBUG Send: packetType.RTTSUM 851939543893561642 to firstnode at attempt 1
2018-11-06 21:42:50 DEBUG Received packetType.RTTSUM 851939543893561642 with payload=[0.00420832633972168] from firstnode
2018-11-06 21:42:50 DEBUG Send: packetType.ACK 855193548555964714 to firstnode
2018-11-06 21:42:50 DEBUG Received packetType.ACK 855306248497811754 with payload=[851939543893561642] from firstnode
2018-11-06 21:42:54 DEBUG Heartbeat from secondnode with RTTSUM: 0.005611			
				# of active peer(s) in the network: 2 			
				peers: ['firstnode', 'secondnode'] 			
 				Hub: {secondnode}
2018-11-06 21:42:55 DEBUG Send: packetType.RTTSUM 855500312300114223 to firstnode at attempt 1
2018-11-06 21:42:55 DEBUG Received packetType.RTTSUM 855407953323381039 with payload=[0.00401616096496582] from firstnode
2018-11-06 21:42:55 DEBUG Send: packetType.ACK 859420071253135663 to firstnode
2018-11-06 21:42:55 DEBUG Received packetType.ACK 858908248590405935 with payload=[855500312300114223] from firstnode
2018-11-06 21:42:59 DEBUG Heartbeat from secondnode with RTTSUM: 0.005392			
				# of active peer(s) in the network: 2 			
				peers: ['firstnode', 'secondnode'] 			
 				Hub: {secondnode}
2018-11-06 21:43:00 DEBUG Send: packetType.RTTSUM 861285392729657652 to firstnode at attempt 1
2018-11-06 21:43:00 DEBUG Received packetType.RTTSUM 861269449811054900 with payload=[0.004525184631347656] from firstnode
2018-11-06 21:43:00 DEBUG Send: packetType.ACK 864017679124681012 to firstnode
2018-11-06 21:43:00 DEBUG Received packetType.ACK 864538847636246836 with payload=[861285392729657652] from firstnode
