2018-11-06 21:32:57 DEBUG socket created successfully at port 1222
2018-11-06 21:32:57 DEBUG Listener worker started.
2018-11-06 21:32:57 DEBUG Sender worker started.
2018-11-06 21:32:57 WARNING Attempt to contact POC with 5 more tries
2018-11-06 21:32:57 DEBUG Send: packetType.KNOCKKNOCK 1860430300587380441 to POC at attempt 1
2018-11-06 21:32:58 DEBUG Send: packetType.KNOCKKNOCK 1860430300587380441 to POC at attempt 2
2018-11-06 21:32:59 DEBUG Send: packetType.KNOCKKNOCK 1860430300587380441 to POC at attempt 3
2018-11-06 21:33:00 WARNING Attempt to contact POC with 4 more tries
2018-11-06 21:33:00 DEBUG Send: packetType.KNOCKKNOCK 1886537104677293788 to POC at attempt 1
2018-11-06 21:33:01 DEBUG Send: packetType.KNOCKKNOCK 1886537104677293788 to POC at attempt 2
2018-11-06 21:33:01 DEBUG Received packetType.KNOCKKNOCK 1901213935640661725 with payload=[None] from firstnode
2018-11-06 21:33:01 DEBUG Send: packetType.ACK 1903955567884521181 to firstnode
2018-11-06 21:33:01 DEBUG Received packetType.ACK 1901517950605741789 with payload=[1886537104677293788] from firstnode
2018-11-06 21:33:01 DEBUG Send: packetType.KNOCKRPLY 1904928635675102941 to secondnode at attempt 1
2018-11-06 21:33:01 DEBUG Send: packetType.KNOCKRPLY 1905013847826255581 to firstnode at attempt 1
2018-11-06 21:33:01 INFO Node firstnode joined the network
2018-11-06 21:33:01 DEBUG Received packetType.KNOCKRPLY 1903311803826458333 with payload=[{'192.168.1.641222': {'name': 'secondnode', 'host': '192.168.1.64', 'port': 1222}}] from firstnode
2018-11-06 21:33:01 DEBUG Send: packetType.ACK 1913339899627589341 to firstnode
2018-11-06 21:33:01 DEBUG Received packetType.KNOCKRPLY 1904928635675102941 with payload=[{'192.168.1.641111': {'name': 'firstnode', 'port': 1111, 'host': '192.168.1.64'}}] from secondnode
2018-11-06 21:33:01 DEBUG Send: packetType.ACK 1915433919522688733 to secondnode
2018-11-06 21:33:01 DEBUG Received packetType.KNOCKRPLY 1906657617709780701 with payload=[{'192.168.1.641111': {'name': 'firstnode', 'host': '192.168.1.64', 'port': 1111}, '192.168.1.641222': {'name': 'secondnode', 'host': '192.168.1.64', 'port': 1222}}] from firstnode
2018-11-06 21:33:01 DEBUG Send: packetType.ACK 1918980394278080221 to firstnode
2018-11-06 21:33:01 DEBUG Received packetType.ACK 1914870969569267421 with payload=[1905013847826255581] from firstnode
2018-11-06 21:33:01 DEBUG Received packetType.ACK 1915433919522688733 with payload=[1904928635675102941] from secondnode
2018-11-06 21:33:05 DEBUG Send: packetType.RTTSUM 1923359199335698145 to firstnode at attempt 1
2018-11-06 21:33:05 DEBUG Received packetType.RTTSUM 1923391085172903649 with payload=[0.007440805435180664] from firstnode
2018-11-06 21:33:05 DEBUG Send: packetType.ACK 1926596161567870689 to firstnode
2018-11-06 21:33:05 DEBUG Received packetType.ACK 1926596161567870689 with payload=[1923359199335698145] from firstnode
2018-11-06 21:33:10 DEBUG Send: packetType.RTTSUM 1937348285775892198 to firstnode at attempt 1
2018-11-06 21:33:10 DEBUG Received packetType.RTTSUM 1937348285775892198 with payload=[0.006725788116455078] from firstnode
2018-11-06 21:33:10 DEBUG Send: packetType.ACK 1939509375880285926 to firstnode
2018-11-06 21:33:10 DEBUG Received packetType.ACK 1939776557205835494 with payload=[1937348285775892198] from firstnode
