2018-11-12 12:42:43 DEBUG socket created successfully at port 1111
2018-11-12 12:42:43 DEBUG Listener worker started.
2018-11-12 12:42:43 DEBUG Sender worker started.
2018-11-12 12:42:43 WARNING Attempt to contact POC with 5 more tries
2018-11-12 12:42:43 DEBUG Send: packetType.KNOCKKNOCK 2159442487761550227 to POC at attempt 1
2018-11-12 12:42:43 DEBUG Received packetType.KNOCKKNOCK 2162592588575128467 with payload=[None] from node2
2018-11-12 12:42:43 DEBUG Send: packetType.ACK 2165018111226002323 to node2
2018-11-12 12:42:43 DEBUG Received packetType.ACK 2162708037296044947 with payload=[2159442487761550227] from node2
2018-11-12 12:42:43 DEBUG Send: packetType.KNOCKRPLY 2165793266923584403 to node2 at attempt 1
2018-11-12 12:42:43 INFO Node node2 joined the network
2018-11-12 12:42:43 DEBUG Received packetType.KNOCKRPLY 2163249546772724627 with payload=[{'143.215.113.1901111': {'name': 'node1', 'host': '143.215.113.190', 'port': 1111}}] from node2
2018-11-12 12:42:43 DEBUG Send: packetType.ACK 2169728968795208595 to node2
2018-11-12 12:42:43 DEBUG Received packetType.KNOCKRPLY 2163323214051785619 with payload=[{'143.215.113.1901111': {'name': 'node1', 'host': '143.215.113.190', 'port': 1111}}] from node2
2018-11-12 12:42:43 DEBUG Send: packetType.ACK 2170782850690431891 to node2
2018-11-12 12:42:43 DEBUG Received packetType.ACK 2169166568597601171 with payload=[2165793266923584403] from node2
2018-11-12 12:42:45 DEBUG Received packetType.RTTSUM 2167757544446606229 with payload=[0.002165079116821289] from node2
2018-11-12 12:42:45 DEBUG Send: packetType.ACK 2170690491713698709 to node2
2018-11-12 12:42:45 DEBUG Send: packetType.RTTSUM 2179021491317357461 to node2 at attempt 1
2018-11-12 12:42:45 DEBUG Received packetType.ACK 2181184780445006741 with payload=[2179021491317357461] from node2
2018-11-12 12:42:48 DEBUG Heartbeat from node1:		
				# of active peer(s) in the network: 1 		
				peers: ['node2'] 		
 				Hub: {node2}
2018-11-12 12:42:54 DEBUG Send: packetType.BDATA 2152871256518146974 to node2 at attempt 1
2018-11-12 12:42:54 DEBUG Received packetType.ACK 2154697545331882910 with payload=[2152871256518146974] from node2
2018-11-12 12:42:54 DEBUG Send: packetType.ACK 2157258857668787102 to node2
2018-11-12 12:42:54 INFO Received [message] from node2.
